This is pdfTeX, Version 3.14159265-2.6-1.40.16 (TeX Live 2015) (preloaded format=pdflatex 2015.11.17)  25 AUG 2016 18:39
entering extended mode
 \write18 enabled.
 file:line:error style messages enabled.
 %&-line parsing enabled.
**Thesis.tex
(./Thesis.tex
LaTeX2e <2015/01/01>
Babel <3.9l> and hyphenation patterns for 79 languages loaded.
(./ecsthesis.cls
Document Class: ecsthesis 2003/25/04 v1.6 LaTeX document class
(/usr/local/texlive/2015/texmf-dist/tex/latex/base/book.cls
Document Class: book 2014/09/29 v1.4h Standard LaTeX document class
(/usr/local/texlive/2015/texmf-dist/tex/latex/base/bk11.clo
File: bk11.clo 2014/09/29 v1.4h Standard LaTeX file (size option)
)
\c@part=\count79
\c@chapter=\count80
\c@section=\count81
\c@subsection=\count82
\c@subsubsection=\count83
\c@paragraph=\count84
\c@subparagraph=\count85
\c@figure=\count86
\c@table=\count87
\abovecaptionskip=\skip41
\belowcaptionskip=\skip42
\bibindent=\dimen102
) (/usr/local/texlive/2015/texmf-dist/tex/latex/setspace/setspace.sty
Package: setspace 2011/12/19 v6.7a set line spacing
) (/usr/local/texlive/2015/texmf-dist/tex/latex/vmargin/vmargin.sty
Package: vmargin 2004/07/15 V2.5 set document margins (VK)

Package: vmargin 2004/07/15 V2.5 set document margins (VK)
\PaperWidth=\dimen103
\PaperHeight=\dimen104
) (/usr/local/texlive/2015/texmf-dist/tex/latex/fancyhdr/fancyhdr.sty
\fancy@headwidth=\skip43
\f@ncyO@elh=\skip44
\f@ncyO@erh=\skip45
\f@ncyO@olh=\skip46
\f@ncyO@orh=\skip47
\f@ncyO@elf=\skip48
\f@ncyO@erf=\skip49
\f@ncyO@olf=\skip50
\f@ncyO@orf=\skip51
) (/usr/local/texlive/2015/texmf-dist/tex/latex/amsmath/amsmath.sty
Package: amsmath 2013/01/14 v2.14 AMS math features
\@mathmargin=\skip52

For additional information on amsmath, use the `?' option.
(/usr/local/texlive/2015/texmf-dist/tex/latex/amsmath/amstext.sty
Package: amstext 2000/06/29 v2.01
 (/usr/local/texlive/2015/texmf-dist/tex/latex/amsmath/amsgen.sty
File: amsgen.sty 1999/11/30 v2.0
\@emptytoks=\toks14
\ex@=\dimen105
)) (/usr/local/texlive/2015/texmf-dist/tex/latex/amsmath/amsbsy.sty
Package: amsbsy 1999/11/29 v1.2d
\pmbraise@=\dimen106
) (/usr/local/texlive/2015/texmf-dist/tex/latex/amsmath/amsopn.sty
Package: amsopn 1999/12/14 v2.01 operator names
)
\inf@bad=\count88
LaTeX Info: Redefining \frac on input line 210.
\uproot@=\count89
\leftroot@=\count90
LaTeX Info: Redefining \overline on input line 306.
\classnum@=\count91
\DOTSCASE@=\count92
LaTeX Info: Redefining \ldots on input line 378.
LaTeX Info: Redefining \dots on input line 381.
LaTeX Info: Redefining \cdots on input line 466.
\Mathstrutbox@=\box26
\strutbox@=\box27
\big@size=\dimen107
LaTeX Font Info:    Redeclaring font encoding OML on input line 566.
LaTeX Font Info:    Redeclaring font encoding OMS on input line 567.
\macc@depth=\count93
\c@MaxMatrixCols=\count94
\dotsspace@=\muskip10
\c@parentequation=\count95
\dspbrk@lvl=\count96
\tag@help=\toks15
\row@=\count97
\column@=\count98
\maxfields@=\count99
\andhelp@=\toks16
\eqnshift@=\dimen108
\alignsep@=\dimen109
\tagshift@=\dimen110
\tagwidth@=\dimen111
\totwidth@=\dimen112
\lineht@=\dimen113
\@envbody=\toks17
\multlinegap=\skip53
\multlinetaggap=\skip54
\mathdisplay@stack=\toks18
LaTeX Info: Redefining \[ on input line 2665.
LaTeX Info: Redefining \] on input line 2666.
) (/usr/local/texlive/2015/texmf-dist/tex/latex/amsfonts/amsfonts.sty
Package: amsfonts 2013/01/14 v3.01 Basic AMSFonts support
\symAMSa=\mathgroup4
\symAMSb=\mathgroup5
LaTeX Font Info:    Overwriting math alphabet `\mathfrak' in version `bold'
(Font)                  U/euf/m/n --> U/euf/b/n on input line 106.
) (/usr/local/texlive/2015/texmf-dist/tex/latex/amsfonts/amssymb.sty
Package: amssymb 2013/01/14 v3.01 AMS font symbols
) (/usr/local/texlive/2015/texmf-dist/tex/latex/amsmath/amscd.sty
Package: amscd 1999/11/29 v2.0
\athelp@=\toks19
\minaw@=\dimen114
\bigaw@=\dimen115
\minCDarrowwidth=\dimen116
) (/usr/local/texlive/2015/texmf-dist/tex/latex/amscls/amsthm.sty
Package: amsthm 2015/03/04 v2.20.2
\thm@style=\toks20
\thm@bodyfont=\toks21
\thm@headfont=\toks22
\thm@notefont=\toks23
\thm@headpunct=\toks24
\thm@preskip=\skip55
\thm@postskip=\skip56
\thm@headsep=\skip57
\dth@everypar=\toks25
) (/usr/local/texlive/2015/texmf-dist/tex/latex/tools/xspace.sty
Package: xspace 2014/10/28 v1.13 Space after command names (DPC,MH)
)
\c@example=\count100
\c@theorem=\count101
 (/usr/local/texlive/2015/texmf-dist/tex/latex/caption/caption2.sty
Package: caption2 2013/02/03 v2.2-62 Customising captions (AR)


Package caption2 Warning: ****************************************************
(caption2)                THIS PACKAGE IS OBSOLETE:
(caption2)                This package attempts to provide an `caption2'
(caption2)                package v2.0/2.1 author environment so that OLD
(caption2)                documents can be successfully processed. It should
(caption2)                NOT be used for NEW documents! New documents should
(caption2)                use the regular `caption' package v3.x instead.
(caption2)                ****************************************************

(/usr/local/texlive/2015/texmf-dist/tex/latex/caption/caption3.sty
Package: caption3 2013/05/02 v1.6-88 caption3 kernel (AR)
Package caption3 Info: TeX engine: e-TeX on input line 57.
 (/usr/local/texlive/2015/texmf-dist/tex/latex/graphics/keyval.sty
Package: keyval 2014/10/28 v1.15 key=value parser (DPC)
\KV@toks@=\toks26
)
\captionmargin=\dimen117
\captionmargin@=\dimen118
\captionwidth=\dimen119
\caption@tempdima=\dimen120
\caption@indent=\dimen121
\caption@parindent=\dimen122
\caption@hangindent=\dimen123
)
Package caption2 Info: Running in caption2 v2.0 compatibility mode on input line 215.
\captionlinewidth=\dimen124
\realcaptionwidth=\dimen125
) (/usr/local/texlive/2015/texmf-dist/tex/latex/graphics/graphicx.sty
Package: graphicx 2014/10/28 v1.0g Enhanced LaTeX Graphics (DPC,SPQR)
 (/usr/local/texlive/2015/texmf-dist/tex/latex/graphics/graphics.sty
Package: graphics 2014/10/28 v1.0p Standard LaTeX Graphics (DPC,SPQR)
 (/usr/local/texlive/2015/texmf-dist/tex/latex/graphics/trig.sty
Package: trig 1999/03/16 v1.09 sin cos tan (DPC)
) (/usr/local/texlive/2015/texmf-dist/tex/latex/latexconfig/graphics.cfg
File: graphics.cfg 2010/04/23 v1.9 graphics configuration of TeX Live
)
Package graphics Info: Driver file: pdftex.def on input line 94.
 (/usr/local/texlive/2015/texmf-dist/tex/latex/pdftex-def/pdftex.def
File: pdftex.def 2011/05/27 v0.06d Graphics/color for pdfTeX
 (/usr/local/texlive/2015/texmf-dist/tex/generic/oberdiek/infwarerr.sty
Package: infwarerr 2010/04/08 v1.3 Providing info/warning/error messages (HO)
) (/usr/local/texlive/2015/texmf-dist/tex/generic/oberdiek/ltxcmds.sty
Package: ltxcmds 2011/11/09 v1.22 LaTeX kernel commands for general use (HO)
)
\Gread@gobject=\count102
))
\Gin@req@height=\dimen126
\Gin@req@width=\dimen127
) (/usr/local/texlive/2015/texmf-dist/tex/latex/oberdiek/epstopdf.sty
Package: epstopdf 2010/02/09 v2.5 Conversion with epstopdf on the fly (HO)
 (/usr/local/texlive/2015/texmf-dist/tex/latex/oberdiek/epstopdf-base.sty
Package: epstopdf-base 2010/02/09 v2.5 Base part for package epstopdf
 (/usr/local/texlive/2015/texmf-dist/tex/latex/oberdiek/grfext.sty
Package: grfext 2010/08/19 v1.1 Manage graphics extensions (HO)
 (/usr/local/texlive/2015/texmf-dist/tex/generic/oberdiek/kvdefinekeys.sty
Package: kvdefinekeys 2011/04/07 v1.3 Define keys (HO)
)) (/usr/local/texlive/2015/texmf-dist/tex/latex/oberdiek/kvoptions.sty
Package: kvoptions 2011/06/30 v3.11 Key value format for package options (HO)
 (/usr/local/texlive/2015/texmf-dist/tex/generic/oberdiek/kvsetkeys.sty
Package: kvsetkeys 2012/04/25 v1.16 Key value parser (HO)
 (/usr/local/texlive/2015/texmf-dist/tex/generic/oberdiek/etexcmds.sty
Package: etexcmds 2011/02/16 v1.5 Avoid name clashes with e-TeX commands (HO)
 (/usr/local/texlive/2015/texmf-dist/tex/generic/oberdiek/ifluatex.sty
Package: ifluatex 2010/03/01 v1.3 Provides the ifluatex switch (HO)
Package ifluatex Info: LuaTeX not detected.
)
Package etexcmds Info: Could not find \expanded.
(etexcmds)             That can mean that you are not using pdfTeX 1.50 or
(etexcmds)             that some package has redefined \expanded.
(etexcmds)             In the latter case, load this package earlier.
))) (/usr/local/texlive/2015/texmf-dist/tex/generic/oberdiek/pdftexcmds.sty
Package: pdftexcmds 2011/11/29 v0.20 Utility functions of pdfTeX for LuaTeX (HO)
 (/usr/local/texlive/2015/texmf-dist/tex/generic/oberdiek/ifpdf.sty
Package: ifpdf 2011/01/30 v2.3 Provides the ifpdf switch (HO)
Package ifpdf Info: pdfTeX in PDF mode is detected.
)
Package pdftexcmds Info: LuaTeX not detected.
Package pdftexcmds Info: \pdf@primitive is available.
Package pdftexcmds Info: \pdf@ifprimitive is available.
Package pdftexcmds Info: \pdfdraftmode found.
)
Package grfext Info: Graphics extension search list:
(grfext)             [.png,.pdf,.jpg,.mps,.jpeg,.jbig2,.jb2,.PNG,.PDF,.JPG,.JPEG,.JBIG2,.JB2,.eps]
(grfext)             \AppendGraphicsExtensions on input line 452.
 (/usr/local/texlive/2015/texmf-dist/tex/latex/latexconfig/epstopdf-sys.cfg
File: epstopdf-sys.cfg 2010/07/13 v1.3 Configuration of (r)epstopdf for TeX Live
))) (/usr/local/texlive/2015/texmf-dist/tex/latex/subfigure/subfigure.sty
Package: subfigure 2002/03/15 v2.1.5 subfigure package
\subfigtopskip=\skip58
\subfigcapskip=\skip59
\subfigcaptopadj=\dimen128
\subfigbottomskip=\skip60
\subfigcapmargin=\dimen129
\subfiglabelskip=\skip61
\c@subfigure=\count103
\c@lofdepth=\count104
\c@subtable=\count105
\c@lotdepth=\count106

****************************************
* Local config file subfigure.cfg used *
****************************************
(/usr/local/texlive/2015/texmf-dist/tex/latex/subfigure/subfigure.cfg)
\subfig@top=\skip62
\subfig@bottom=\skip63
) (/usr/local/texlive/2015/texmf-dist/tex/latex/booktabs/booktabs.sty
Package: booktabs 2005/04/14 v1.61803 publication quality tables
\heavyrulewidth=\dimen130
\lightrulewidth=\dimen131
\cmidrulewidth=\dimen132
\belowrulesep=\dimen133
\belowbottomsep=\dimen134
\aboverulesep=\dimen135
\abovetopsep=\dimen136
\cmidrulesep=\dimen137
\cmidrulekern=\dimen138
\defaultaddspace=\dimen139
\@cmidla=\count107
\@cmidlb=\count108
\@aboverulesep=\dimen140
\@belowrulesep=\dimen141
\@thisruleclass=\count109
\@lastruleclass=\count110
\@thisrulewidth=\dimen142
) (/usr/local/texlive/2015/texmf-dist/tex/latex/rotating/rotating.sty
Package: rotating 2009/03/28 v2.16a rotated objects in LaTeX
 (/usr/local/texlive/2015/texmf-dist/tex/latex/base/ifthen.sty
Package: ifthen 2014/09/29 v1.1c Standard LaTeX ifthen package (DPC)
)
\c@r@tfl@t=\count111
\rotFPtop=\skip64
\rotFPbot=\skip65
\rot@float@box=\box28
\rot@mess@toks=\toks27
) (/usr/local/texlive/2015/texmf-dist/tex/latex/listings/listings.sty
\lst@mode=\count112
\lst@gtempboxa=\box29
\lst@token=\toks28
\lst@length=\count113
\lst@currlwidth=\dimen143
\lst@column=\count114
\lst@pos=\count115
\lst@lostspace=\dimen144
\lst@width=\dimen145
\lst@newlines=\count116
\lst@lineno=\count117
\lst@maxwidth=\dimen146
 (./lstpatch.sty
File: lstpatch.sty 2002/10/13 1.0i (Carsten Heinz)


***
*** This is a patch for `listings.sty' version 1.0, but
*** you're using version 1.5e.
***
*** Patch file not loaded.
***

) (/usr/local/texlive/2015/texmf-dist/tex/latex/listings/lstmisc.sty
File: lstmisc.sty 2014/09/06 1.5e (Carsten Heinz)
\c@lstnumber=\count118
\lst@skipnumbers=\count119
\lst@framebox=\box30
) (/usr/local/texlive/2015/texmf-dist/tex/latex/listings/listings.cfg
File: listings.cfg 2014/09/06 1.5e listings configuration
))
Package: listings 2014/09/06 1.5e (Carsten Heinz)
 (/usr/local/texlive/2015/texmf-dist/tex/latex/hyperref/hyperref.sty
Package: hyperref 2012/11/06 v6.83m Hypertext links for LaTeX
 (/usr/local/texlive/2015/texmf-dist/tex/generic/oberdiek/hobsub-hyperref.sty
Package: hobsub-hyperref 2012/05/28 v1.13 Bundle oberdiek, subset hyperref (HO)
 (/usr/local/texlive/2015/texmf-dist/tex/generic/oberdiek/hobsub-generic.sty
Package: hobsub-generic 2012/05/28 v1.13 Bundle oberdiek, subset generic (HO)
Package: hobsub 2012/05/28 v1.13 Construct package bundles (HO)
Package hobsub Info: Skipping package `infwarerr' (already loaded).
Package hobsub Info: Skipping package `ltxcmds' (already loaded).
Package hobsub Info: Skipping package `ifluatex' (already loaded).
Package: ifvtex 2010/03/01 v1.5 Detect VTeX and its facilities (HO)
Package ifvtex Info: VTeX not detected.
Package: intcalc 2007/09/27 v1.1 Expandable calculations with integers (HO)
Package hobsub Info: Skipping package `ifpdf' (already loaded).
Package hobsub Info: Skipping package `etexcmds' (already loaded).
Package hobsub Info: Skipping package `kvsetkeys' (already loaded).
Package hobsub Info: Skipping package `kvdefinekeys' (already loaded).
Package hobsub Info: Skipping package `pdftexcmds' (already loaded).
Package: pdfescape 2011/11/25 v1.13 Implements pdfTeX's escape features (HO)
Package: bigintcalc 2012/04/08 v1.3 Expandable calculations on big integers (HO)
Package: bitset 2011/01/30 v1.1 Handle bit-vector datatype (HO)
Package: uniquecounter 2011/01/30 v1.2 Provide unlimited unique counter (HO)
)
Package hobsub Info: Skipping package `hobsub' (already loaded).
Package: letltxmacro 2010/09/02 v1.4 Let assignment for LaTeX macros (HO)
Package: hopatch 2012/05/28 v1.2 Wrapper for package hooks (HO)
Package: xcolor-patch 2011/01/30 xcolor patch
Package: atveryend 2011/06/30 v1.8 Hooks at the very end of document (HO)
Package atveryend Info: \enddocument detected (standard20110627).
Package: atbegshi 2011/10/05 v1.16 At begin shipout hook (HO)
Package: refcount 2011/10/16 v3.4 Data extraction from label references (HO)
Package: hycolor 2011/01/30 v1.7 Color options for hyperref/bookmark (HO)
) (/usr/local/texlive/2015/texmf-dist/tex/generic/ifxetex/ifxetex.sty
Package: ifxetex 2010/09/12 v0.6 Provides ifxetex conditional
) (/usr/local/texlive/2015/texmf-dist/tex/latex/oberdiek/auxhook.sty
Package: auxhook 2011/03/04 v1.3 Hooks for auxiliary files (HO)
)
\@linkdim=\dimen147
\Hy@linkcounter=\count120
\Hy@pagecounter=\count121
 (/usr/local/texlive/2015/texmf-dist/tex/latex/hyperref/pd1enc.def
File: pd1enc.def 2012/11/06 v6.83m Hyperref: PDFDocEncoding definition (HO)
)
\Hy@SavedSpaceFactor=\count122
 (/usr/local/texlive/2015/texmf-dist/tex/latex/latexconfig/hyperref.cfg
File: hyperref.cfg 2002/06/06 v1.2 hyperref configuration of TeXLive
)
Package hyperref Info: Option `bookmarks' set `true' on input line 4319.
Package hyperref Info: Option `bookmarksopen' set `true' on input line 4319.
Package hyperref Info: Option `bookmarksnumbered' set `true' on input line 4319.
Package hyperref Info: Option `hypertexnames' set `false' on input line 4319.
Package hyperref Info: Option `colorlinks' set `true' on input line 4319.
Package hyperref Info: Option `unicode' set `true' on input line 4319.
 (/usr/local/texlive/2015/texmf-dist/tex/latex/hyperref/puenc.def
File: puenc.def 2012/11/06 v6.83m Hyperref: PDF Unicode definition (HO)
)
Package hyperref Info: Option `breaklinks' set `true' on input line 4319.
Package hyperref Info: Hyper figures OFF on input line 4443.
Package hyperref Info: Link nesting OFF on input line 4448.
Package hyperref Info: Hyper index ON on input line 4451.
Package hyperref Info: Plain pages OFF on input line 4458.
Package hyperref Info: Backreferencing OFF on input line 4463.
Package hyperref Info: Implicit mode ON; LaTeX internals redefined.
Package hyperref Info: Bookmarks ON on input line 4688.
\c@Hy@tempcnt=\count123
 (/usr/local/texlive/2015/texmf-dist/tex/latex/url/url.sty
\Urlmuskip=\muskip11
Package: url 2013/09/16  ver 3.4  Verb mode for urls, etc.
)
LaTeX Info: Redefining \url on input line 5041.
\XeTeXLinkMargin=\dimen148
\Fld@menulength=\count124
\Field@Width=\dimen149
\Fld@charsize=\dimen150
Package hyperref Info: Hyper figures OFF on input line 6295.
Package hyperref Info: Link nesting OFF on input line 6300.
Package hyperref Info: Hyper index ON on input line 6303.
Package hyperref Info: backreferencing OFF on input line 6310.
Package hyperref Info: Link coloring ON on input line 6313.
Package hyperref Info: Link coloring with OCG OFF on input line 6320.
Package hyperref Info: PDF/A mode OFF on input line 6325.
LaTeX Info: Redefining \ref on input line 6365.
LaTeX Info: Redefining \pageref on input line 6369.
\Hy@abspage=\count125
\c@Item=\count126
\c@Hfootnote=\count127
)

Package hyperref Message: Driver (autodetected): hpdftex.

(/usr/local/texlive/2015/texmf-dist/tex/latex/hyperref/hpdftex.def
File: hpdftex.def 2012/11/06 v6.83m Hyperref driver for pdfTeX
\Fld@listcount=\count128
\c@bookmark@seq@number=\count129
 (/usr/local/texlive/2015/texmf-dist/tex/latex/oberdiek/rerunfilecheck.sty
Package: rerunfilecheck 2011/04/15 v1.7 Rerun checks for auxiliary files (HO)
Package uniquecounter Info: New unique counter `rerunfilecheck' on input line 282.
)
\Hy@SectionHShift=\skip66
)
\c@dummy=\count130
 (/usr/local/texlive/2015/texmf-dist/tex/latex/tools/longtable.sty
Package: longtable 2014/10/28 v4.11 Multi-page Table package (DPC)
\LTleft=\skip67
\LTright=\skip68
\LTpre=\skip69
\LTpost=\skip70
\LTchunksize=\count131
\LTcapwidth=\dimen151
\LT@head=\box31
\LT@firsthead=\box32
\LT@foot=\box33
\LT@lastfoot=\box34
\LT@cols=\count132
\LT@rows=\count133
\c@LT@tables=\count134
\c@LT@chunks=\count135
\LT@p@ftn=\toks29
)) (/usr/local/texlive/2015/texmf-dist/tex/latex/natbib/natbib.sty
Package: natbib 2010/09/13 8.31b (PWD, AO)
\bibhang=\skip71
\bibsep=\skip72
LaTeX Info: Redefining \cite on input line 694.
\c@NAT@ctr=\count136
)
Package hyperref Info: Option `colorlinks' set `true' on input line 8.
 (./Definitions.tex
\c@address=\count137
\c@alg=\count138
) (/usr/local/texlive/2015/texmf-dist/tex/latex/float/float.sty
Package: float 2001/11/08 v1.3d Float enhancements (AL)
\c@float@type=\count139
\float@exts=\toks30
\float@box=\box35
\@float@everytoks=\toks31
\@floatcapt=\box36
) (/usr/local/texlive/2015/texmf-dist/tex/latex/oberdiek/pdflscape.sty
Package: pdflscape 2008/08/11 v0.10 Display of landscape pages in PDF (HO)
 (/usr/local/texlive/2015/texmf-dist/tex/latex/graphics/lscape.sty
Package: lscape 2000/10/22 v3.01 Landscape Pages (DPC)
)
Package pdflscape Info: Auto-detected driver: pdftex on input line 80.
) (/usr/local/texlive/2015/texmf-dist/tex/latex/tools/array.sty
Package: array 2014/10/28 v2.4c Tabular extension package (FMi)
\col@sep=\dimen152
\extrarowheight=\dimen153
\NC@list=\toks32
\extratabsurround=\skip73
\backup@length=\skip74
) (/usr/local/texlive/2015/texmf-dist/tex/latex/base/latexsym.sty
Package: latexsym 1998/08/17 v2.2e Standard LaTeX package (lasy symbols)
\symlasy=\mathgroup6
LaTeX Font Info:    Overwriting symbol font `lasy' in version `bold'
(Font)                  U/lasy/m/n --> U/lasy/b/n on input line 52.
) (/Users/ShanchuanWu/GitHub/UnivGuide/Dissertation/.texpadtmp/Thesis.aux (/Users/ShanchuanWu/GitHub/UnivGuide/Dissertation/.texpadtmp/Introduction.aux) (/Users/ShanchuanWu/GitHub/UnivGuide/Dissertation/.texpadtmp/Background.aux) (/Users/ShanchuanWu/GitHub/UnivGuide/Dissertation/.texpadtmp/Management.aux

LaTeX Warning: Label `Figure:figex' multiply defined.


LaTeX Warning: Label `Figure:figex' multiply defined.


LaTeX Warning: Label `my-label' multiply defined.


LaTeX Warning: Label `my-label' multiply defined.

) (/Users/ShanchuanWu/GitHub/UnivGuide/Dissertation/.texpadtmp/Analysis.aux

LaTeX Warning: Label `Figure:figex' multiply defined.


LaTeX Warning: Label `Figure:figex' multiply defined.


LaTeX Warning: Label `Figure:figex' multiply defined.


LaTeX Warning: Label `my-label' multiply defined.


LaTeX Warning: Label `my-label' multiply defined.


LaTeX Warning: Label `my-label' multiply defined.


LaTeX Warning: Label `my-label' multiply defined.


LaTeX Warning: Label `my-label' multiply defined.


LaTeX Warning: Label `my-label' multiply defined.


LaTeX Warning: Label `my-label' multiply defined.


LaTeX Warning: Label `my-label' multiply defined.

) (/Users/ShanchuanWu/GitHub/UnivGuide/Dissertation/.texpadtmp/Design.aux

LaTeX Warning: Label `Figure:figex' multiply defined.


LaTeX Warning: Label `Figure:figex' multiply defined.


LaTeX Warning: Label `Figure:figex' multiply defined.


LaTeX Warning: Label `Figure:figex' multiply defined.


LaTeX Warning: Label `Figure:figex' multiply defined.


LaTeX Warning: Label `Figure:figex' multiply defined.


LaTeX Warning: Label `Figure:figex' multiply defined.


LaTeX Warning: Label `Figure:figex' multiply defined.


LaTeX Warning: Label `Figure:figex' multiply defined.

) (/Users/ShanchuanWu/GitHub/UnivGuide/Dissertation/.texpadtmp/Implementation.aux

LaTeX Warning: Label `Figure:figex' multiply defined.


LaTeX Warning: Label `Figure:figex' multiply defined.


LaTeX Warning: Label `Figure:figex' multiply defined.


LaTeX Warning: Label `Figure:figex' multiply defined.


LaTeX Warning: Label `Figure:figex' multiply defined.


LaTeX Warning: Label `Figure:figex' multiply defined.


LaTeX Warning: Label `Figure:figex' multiply defined.


LaTeX Warning: Label `Figure:figex' multiply defined.


LaTeX Warning: Label `Figure:figex' multiply defined.


LaTeX Warning: Label `Figure:figex' multiply defined.


LaTeX Warning: Label `Figure:figex' multiply defined.


LaTeX Warning: Label `Figure:figex' multiply defined.


LaTeX Warning: Label `Figure:figex' multiply defined.

) (/Users/ShanchuanWu/GitHub/UnivGuide/Dissertation/.texpadtmp/Test.aux

LaTeX Warning: Label `my-label' multiply defined.


LaTeX Warning: Label `Figure:figex' multiply defined.


LaTeX Warning: Label `my-label' multiply defined.


LaTeX Warning: Label `my-label' multiply defined.


LaTeX Warning: Label `my-label' multiply defined.


LaTeX Warning: Label `Figure:figex' multiply defined.

) (/Users/ShanchuanWu/GitHub/UnivGuide/Dissertation/.texpadtmp/Conclusions.aux) (/Users/ShanchuanWu/GitHub/UnivGuide/Dissertation/.texpadtmp/AppendixA.aux

LaTeX Warning: Label `tab1' multiply defined.


LaTeX Warning: Label `tab1' multiply defined.


LaTeX Warning: Label `tab1' multiply defined.


LaTeX Warning: Label `tab1' multiply defined.

) (/Users/ShanchuanWu/GitHub/UnivGuide/Dissertation/.texpadtmp/AppendixB.aux) (/Users/ShanchuanWu/GitHub/UnivGuide/Dissertation/.texpadtmp/AppendixC.aux

LaTeX Warning: Label `tab1' multiply defined.

))
\openout1 = `Thesis.aux'.

LaTeX Font Info:    Checking defaults for OML/cmm/m/it on input line 21.
LaTeX Font Info:    ... okay on input line 21.
LaTeX Font Info:    Checking defaults for T1/cmr/m/n on input line 21.
LaTeX Font Info:    ... okay on input line 21.
LaTeX Font Info:    Checking defaults for OT1/cmr/m/n on input line 21.
LaTeX Font Info:    ... okay on input line 21.
LaTeX Font Info:    Checking defaults for OMS/cmsy/m/n on input line 21.
LaTeX Font Info:    ... okay on input line 21.
LaTeX Font Info:    Checking defaults for OMX/cmex/m/n on input line 21.
LaTeX Font Info:    ... okay on input line 21.
LaTeX Font Info:    Checking defaults for U/cmr/m/n on input line 21.
LaTeX Font Info:    ... okay on input line 21.
LaTeX Font Info:    Checking defaults for PD1/pdf/m/n on input line 21.
LaTeX Font Info:    ... okay on input line 21.
LaTeX Font Info:    Checking defaults for PU/pdf/m/n on input line 21.
LaTeX Font Info:    ... okay on input line 21.
Package caption Info: Begin \AtBeginDocument code.
Package caption Info: End \AtBeginDocument code.
 (/usr/local/texlive/2015/texmf-dist/tex/context/base/supp-pdf.mkii
[Loading MPS to PDF converter (version 2006.09.02).]
\scratchcounter=\count140
\scratchdimen=\dimen154
\scratchbox=\box37
\nofMPsegments=\count141
\nofMParguments=\count142
\everyMPshowfont=\toks33
\MPscratchCnt=\count143
\MPscratchDim=\dimen155
\MPnumerator=\count144
\makeMPintoPDFobject=\count145
\everyMPtoPDFconversion=\toks34
)
\c@lstlisting=\count146
\AtBeginShipoutBox=\box38
 (/usr/local/texlive/2015/texmf-dist/tex/latex/graphics/color.sty
Package: color 2014/10/28 v1.1a Standard LaTeX Color (DPC)
 (/usr/local/texlive/2015/texmf-dist/tex/latex/latexconfig/color.cfg
File: color.cfg 2007/01/18 v1.5 color configuration of teTeX/TeXLive
)
Package color Info: Driver file: pdftex.def on input line 142.
)
Package hyperref Info: Link coloring ON on input line 21.
 (/usr/local/texlive/2015/texmf-dist/tex/latex/hyperref/nameref.sty
Package: nameref 2012/10/27 v2.43 Cross-referencing by name of section
 (/usr/local/texlive/2015/texmf-dist/tex/generic/oberdiek/gettitlestring.sty
Package: gettitlestring 2010/12/03 v1.4 Cleanup title references (HO)
)
\c@section@level=\count147
)
LaTeX Info: Redefining \ref on input line 21.
LaTeX Info: Redefining \pageref on input line 21.
LaTeX Info: Redefining \nameref on input line 21.
 (/Users/ShanchuanWu/GitHub/UnivGuide/Dissertation/.texpadtmp/Thesis.out) (/Users/ShanchuanWu/GitHub/UnivGuide/Dissertation/.texpadtmp/Thesis.out)
\@outlinefile=\write3
\openout3 = `Thesis.out'.


------------------------------------------------------------------------------
 Title Page
------------------------------------------------------------------------------
[1



{/usr/local/texlive/2015/texmf-var/fonts/map/pdftex/updmap/pdftex.map}]
------------------------------------------------------------------------------
 Abstract Page
------------------------------------------------------------------------------
LaTeX Font Info:    Try loading font information for U+msa on input line 39.
(/usr/local/texlive/2015/texmf-dist/tex/latex/amsfonts/umsa.fd
File: umsa.fd 2013/01/14 v3.01 AMS symbols A
)
LaTeX Font Info:    Try loading font information for U+msb on input line 39.
 (/usr/local/texlive/2015/texmf-dist/tex/latex/amsfonts/umsb.fd
File: umsb.fd 2013/01/14 v3.01 AMS symbols B
)
LaTeX Font Info:    Try loading font information for U+lasy on input line 39.
 (/usr/local/texlive/2015/texmf-dist/tex/latex/base/ulasy.fd
File: ulasy.fd 1998/08/17 v2.2e LaTeX symbol font definitions
)
Missing character: There is no ‚ in font cmr10!
Missing character: There is no Ä in font cmr10!
Missing character: There is no ô in font cmr10!
 [1

]
------------------------------------------------------------------------------
 Table of Contents
------------------------------------------------------------------------------
(/Users/ShanchuanWu/GitHub/UnivGuide/Dissertation/.texpadtmp/Thesis.toc [2


] [3])
\tf@toc=\write4
\openout4 = `Thesis.toc'.

 [4]
------------------------------------------------------------------------------
 List of Figures
------------------------------------------------------------------------------
(/Users/ShanchuanWu/GitHub/UnivGuide/Dissertation/.texpadtmp/Thesis.lof)
\tf@lof=\write5
\openout5 = `Thesis.lof'.

 [5


]
------------------------------------------------------------------------------
 List of Tables
------------------------------------------------------------------------------
(/Users/ShanchuanWu/GitHub/UnivGuide/Dissertation/.texpadtmp/Thesis.lot)
\tf@lot=\write6
\openout6 = `Thesis.lot'.

 [6


]
------------------------------------------------------------------------------
 Acknowledgements
------------------------------------------------------------------------------
[7

]
\openout2 = `Introduction.aux'.

 (./Introduction.tex
Chapter 1.
------------------------------------------------------------------------------
 1 Introduction
------------------------------------------------------------------------------
Missing character: There is no ‚ in font cmr10!
Missing character: There is no Ä in font cmr10!
Missing character: There is no ô in font cmr10!
Missing character: There is no ‚ in font cmr10!
Missing character: There is no Ä in font cmr10!
Missing character: There is no ô in font cmr10!
Missing character: There is no ‚ in font cmr10!
Missing character: There is no Ä in font cmr10!
Missing character: There is no ô in font cmr10!
Missing character: There is no ‚ in font cmr10!
Missing character: There is no Ä in font cmr10!
Missing character: There is no ô in font cmr10!
[1




]
Missing character: There is no ‚ in font cmr10!
Missing character: There is no Ä in font cmr10!
Missing character: There is no ô in font cmr10!
Missing character: There is no ‚ in font cmr10!
Missing character: There is no Ä in font cmr10!
Missing character: There is no ô in font cmr10!
LaTeX Font Info:    Try loading font information for OMS+cmr on input line 26.
 (/usr/local/texlive/2015/texmf-dist/tex/latex/base/omscmr.fd
File: omscmr.fd 2014/09/29 v2.5h Standard LaTeX font definitions
)
LaTeX Font Info:    Font shape `OMS/cmr/m/n' in size <10.95> not available
(Font)              Font shape `OMS/cmsy/m/n' tried instead on input line 26.
Missing character: There is no ‚ in font cmr10!
Missing character: There is no Ä in font cmr10!
Missing character: There is no ô in font cmr10!
 [2]) [3]
\openout2 = `Background.aux'.

 (./Background.tex
Chapter 2.
------------------------------------------------------------------------------
 2 Background Research
------------------------------------------------------------------------------

Overfull \hbox (22.90482pt too wide) in paragraph at lines 10--10
[]\OT1/cmr/bx/n/14.4 Factors In-flu-enc-ing Higher Ed-u-ca-tion Des-ti-na-tion Choices 
 []

Missing character: There is no ‚ in font cmr10!
Missing character: There is no Ä in font cmr10!
Missing character: There is no ú in font cmr10!
Missing character: There is no ‚ in font cmr10!
Missing character: There is no Ä in font cmr10!
Missing character: There is no ù in font cmr10!
Missing character: There is no ‚ in font cmr10!
Missing character: There is no Ä in font cmr10!
Missing character: There is no ú in font cmr10!
Missing character: There is no ‚ in font cmr10!
Missing character: There is no Ä in font cmr10!
Missing character: There is no ù in font cmr10!
Missing character: There is no ‚ in font cmr10!
Missing character: There is no Ä in font cmr10!
Missing character: There is no ú in font cmr10!
Missing character: There is no ‚ in font cmr10!
Missing character: There is no Ä in font cmr10!
Missing character: There is no ù in font cmr10!
Missing character: There is no ‚ in font cmr10!
Missing character: There is no Ä in font cmr10!
Missing character: There is no ô in font cmr10!
Missing character: There is no ‚ in font cmr10!
Missing character: There is no Ä in font cmr10!
Missing character: There is no ú in font cmr10!
Missing character: There is no ‚ in font cmr10!
Missing character: There is no Ä in font cmr10!
Missing character: There is no ù in font cmr10!
Missing character: There is no ‚ in font cmr10!
Missing character: There is no Ä in font cmr10!
Missing character: There is no ô in font cmr10!
Missing character: There is no ‚ in font cmr10!
Missing character: There is no Ä in font cmr10!
Missing character: There is no ú in font cmr10!
Missing character: There is no ‚ in font cmr10!
Missing character: There is no Ä in font cmr10!
Missing character: There is no ù in font cmr10!
Missing character: There is no ‚ in font cmr10!
Missing character: There is no Ä in font cmr10!
Missing character: There is no ú in font cmr10!
Missing character: There is no ‚ in font cmr10!
Missing character: There is no Ä in font cmr10!
Missing character: There is no ù in font cmr10!
Missing character: There is no ‚ in font cmr10!
Missing character: There is no Ä in font cmr10!
Missing character: There is no ú in font cmr10!
Missing character: There is no ‚ in font cmr10!
Missing character: There is no Ä in font cmr10!
Missing character: There is no ù in font cmr10!
Missing character: There is no ‚ in font cmr10!
Missing character: There is no Ä in font cmr10!
Missing character: There is no ú in font cmr10!
Missing character: There is no ‚ in font cmr10!
Missing character: There is no Ä in font cmr10!
Missing character: There is no ù in font cmr10!
Missing character: There is no ‚ in font cmr10!
Missing character: There is no Ä in font cmr10!
Missing character: There is no ô in font cmr10!
Missing character: There is no ‚ in font cmr10!
Missing character: There is no Ä in font cmr10!
Missing character: There is no ú in font cmr10!
Missing character: There is no ‚ in font cmr10!
Missing character: There is no Ä in font cmr10!
Missing character: There is no ù in font cmr10!
Missing character: There is no ‚ in font cmr10!
Missing character: There is no Ä in font cmr10!
Missing character: There is no ú in font cmr10!
Missing character: There is no ‚ in font cmr10!
Missing character: There is no Ä in font cmr10!
Missing character: There is no ù in font cmr10!
Missing character: There is no ‚ in font cmr10!
Missing character: There is no Ä in font cmr10!
Missing character: There is no ô in font cmr10!
[4



]
Missing character: There is no ‚ in font cmr10!
Missing character: There is no Ä in font cmr10!
Missing character: There is no ú in font cmr10!
Missing character: There is no ‚ in font cmr10!
Missing character: There is no Ä in font cmr10!
Missing character: There is no ù in font cmr10!
Missing character: There is no ‚ in font cmr10!
Missing character: There is no Ä in font cmr10!
Missing character: There is no ú in font cmr10!
Missing character: There is no ‚ in font cmr10!
Missing character: There is no Ä in font cmr10!
Missing character: There is no ù in font cmr10!
Missing character: There is no ‚ in font cmr10!
Missing character: There is no Ä in font cmr10!
Missing character: There is no ú in font cmr10!
Missing character: There is no ‚ in font cmr10!
Missing character: There is no Ä in font cmr10!
Missing character: There is no ù in font cmr10!
Missing character: There is no ‚ in font cmr10!
Missing character: There is no Ä in font cmr10!
Missing character: There is no ú in font cmr10!
Missing character: There is no ‚ in font cmr10!
Missing character: There is no Ä in font cmr10!
Missing character: There is no ù in font cmr10!
Missing character: There is no ‚ in font cmr10!
Missing character: There is no Ä in font cmr10!
Missing character: There is no ô in font cmr10!
Missing character: There is no ‚ in font cmr10!
Missing character: There is no Ä in font cmr10!
Missing character: There is no ú in font cmr10!
Missing character: There is no ‚ in font cmr10!
Missing character: There is no Ä in font cmr10!
Missing character: There is no ù in font cmr10!
Missing character: There is no ‚ in font cmr10!
Missing character: There is no Ä in font cmr10!
Missing character: There is no ú in font cmr10!
Missing character: There is no ‚ in font cmr10!
Missing character: There is no Ä in font cmr10!
Missing character: There is no ù in font cmr10!
Missing character: There is no ‚ in font cmr10!
Missing character: There is no Ä in font cmr10!
Missing character: There is no ú in font cmr10!
Missing character: There is no ‚ in font cmr10!
Missing character: There is no Ä in font cmr10!
Missing character: There is no ù in font cmr10!
Missing character: There is no ‚ in font cmr10!
Missing character: There is no Ä in font cmr10!
Missing character: There is no ú in font cmr10!
Missing character: There is no ‚ in font cmr10!
Missing character: There is no Ä in font cmr10!
Missing character: There is no ù in font cmr10!
Missing character: There is no ‚ in font cmr10!
Missing character: There is no Ä in font cmr10!
Missing character: There is no ú in font cmr10!
Missing character: There is no ‚ in font cmr10!
Missing character: There is no Ä in font cmr10!
Missing character: There is no ù in font cmr10!
Missing character: There is no ‚ in font cmr10!
Missing character: There is no Ä in font cmr10!
Missing character: There is no ú in font cmr10!
Missing character: There is no ‚ in font cmr10!
Missing character: There is no Ä in font cmr10!
Missing character: There is no ù in font cmr10!
Missing character: There is no ‚ in font cmr10!
Missing character: There is no Ä in font cmr10!
Missing character: There is no ô in font cmr10!
Missing character: There is no ‚ in font cmr10!
Missing character: There is no Ä in font cmr10!
Missing character: There is no ú in font cmr10!
Missing character: There is no ‚ in font cmr10!
Missing character: There is no Ä in font cmr10!
Missing character: There is no ù in font cmr10!
Missing character: There is no ‚ in font cmr10!
Missing character: There is no Ä in font cmr10!
Missing character: There is no ú in font cmr10!
Missing character: There is no ‚ in font cmr10!
Missing character: There is no Ä in font cmr10!
Missing character: There is no ù in font cmr10!
Missing character: There is no ‚ in font cmr10!
Missing character: There is no Ä in font cmr10!
Missing character: There is no ú in font cmr10!
Missing character: There is no ‚ in font cmr10!
Missing character: There is no Ä in font cmr10!
Missing character: There is no ù in font cmr10!
Missing character: There is no ‚ in font cmr10!
Missing character: There is no Ä in font cmr10!
Missing character: There is no ô in font cmr10!
 [5]
Missing character: There is no ‚ in font cmr10!
Missing character: There is no Ä in font cmr10!
Missing character: There is no ô in font cmr10!
 [6]
Missing character: There is no ‚ in font cmr10!
Missing character: There is no Ä in font cmr10!
Missing character: There is no ô in font cmr10!
Missing character: There is no ‚ in font cmr10!
Missing character: There is no Ä in font cmr10!
Missing character: There is no ô in font cmr10!
Missing character: There is no ‚ in font cmr10!
Missing character: There is no Ä in font cmr10!
Missing character: There is no ú in font cmr10!
Missing character: There is no ‚ in font cmr10!
Missing character: There is no Ä in font cmr10!
Missing character: There is no ù in font cmr10!
Missing character: There is no ‚ in font cmr10!
Missing character: There is no Ä in font cmr10!
Missing character: There is no ú in font cmr10!
Missing character: There is no ‚ in font cmr10!
Missing character: There is no Ä in font cmr10!
Missing character: There is no ù in font cmr10!
 [7]
Missing character: There is no ‚ in font cmr10!
Missing character: There is no Ä in font cmr10!
Missing character: There is no ô in font cmr10!
Missing character: There is no ‚ in font cmr10!
Missing character: There is no Ä in font cmr10!
Missing character: There is no ô in font cmr10!
Missing character: There is no ‚ in font cmr10!
Missing character: There is no Ä in font cmr10!
Missing character: There is no ô in font cmr10!
Missing character: There is no ‚ in font cmr10!
Missing character: There is no Ä in font cmr10!
Missing character: There is no ô in font cmr10!
) [8] [9]
\openout2 = `Management.aux'.

 (./Management.tex
Chapter 3.
------------------------------------------------------------------------------
 3 Project Management
------------------------------------------------------------------------------
Package epstopdf Info: Source file: <./img/Picture1.eps>
(epstopdf)                    date: 2016-08-23 20:45:05
(epstopdf)                    size: 726024 bytes
(epstopdf)             Output file: <./img/Picture1-eps-converted-to.pdf>
(epstopdf)                    date: 2016-08-23 21:08:21
(epstopdf)                    size: 17211 bytes
(epstopdf)             Command: <epstopdf --outfile=./img/Picture1-eps-converted-to.pdf ./img/Picture1.eps>
(epstopdf)             \includegraphics on input line 19.
Package epstopdf Info: Output file is already uptodate.
<./img/Picture1-eps-converted-to.pdf, id=642, 171.64125pt x 159.59625pt>
File: ./img/Picture1-eps-converted-to.pdf Graphic file (type pdf)
 <use ./img/Picture1-eps-converted-to.pdf>
Package pdftex.def Info: ./img/Picture1-eps-converted-to.pdf used on input line 19.
(pdftex.def)             Requested size: 170.71652pt x 158.73619pt.
 [10



 <./img/Picture1-eps-converted-to.pdf>]
Package epstopdf Info: Source file: <./img/Picture2.eps>
(epstopdf)                    date: 2016-08-23 20:45:08
(epstopdf)                    size: 3796304 bytes
(epstopdf)             Output file: <./img/Picture2-eps-converted-to.pdf>
(epstopdf)                    date: 2016-08-23 21:20:53
(epstopdf)                    size: 80674 bytes
(epstopdf)             Command: <epstopdf --outfile=./img/Picture2-eps-converted-to.pdf ./img/Picture2.eps>
(epstopdf)             \includegraphics on input line 43.
Package epstopdf Info: Output file is already uptodate.
 <./img/Picture2-eps-converted-to.pdf, id=653, 326.21875pt x 443.6575pt>
File: ./img/Picture2-eps-converted-to.pdf Graphic file (type pdf)
 <use ./img/Picture2-eps-converted-to.pdf>
Package pdftex.def Info: ./img/Picture2-eps-converted-to.pdf used on input line 43.
(pdftex.def)             Requested size: 341.43306pt x 464.39186pt.
 [11]
Package epstopdf Info: Source file: <./img/Picture3.eps>
(epstopdf)                    date: 2016-08-23 20:45:09
(epstopdf)                    size: 2613414 bytes
(epstopdf)             Output file: <./img/Picture3-eps-converted-to.pdf>
(epstopdf)                    date: 2016-08-23 21:25:31
(epstopdf)                    size: 177140 bytes
(epstopdf)             Command: <epstopdf --outfile=./img/Picture3-eps-converted-to.pdf ./img/Picture3.eps>
(epstopdf)             \includegraphics on input line 55.
Package epstopdf Info: Output file is already uptodate.
 <./img/Picture3-eps-converted-to.pdf, id=660, 500.87125pt x 198.7425pt>
File: ./img/Picture3-eps-converted-to.pdf Graphic file (type pdf)
 <use ./img/Picture3-eps-converted-to.pdf>
Package pdftex.def Info: ./img/Picture3-eps-converted-to.pdf used on input line 55.
(pdftex.def)             Requested size: 426.79134pt x 169.35646pt.

Overfull \hbox (9.31827pt too wide) in paragraph at lines 55--56
 [][] 
 []

[12 <./img/Picture2-eps-converted-to.pdf>]
Missing character: There is no ‚ in font cmr10!
Missing character: There is no Ä in font cmr10!
Missing character: There is no ô in font cmr10!
Missing character: There is no ‚ in font cmr10!
Missing character: There is no Ä in font cmr10!
Missing character: There is no ô in font cmr10!
 [13 <./img/Picture3-eps-converted-to.pdf>]
Missing character: There is no ‚ in font cmr10!
Missing character: There is no Ä in font cmr10!
Missing character: There is no ô in font cmr10!

Underfull \hbox (badness 10000) in paragraph at lines 99--99
[]|\OT1/cmr/m/n/10.95 Personnel man-
 []


Underfull \hbox (badness 10000) in paragraph at lines 100--100
[]|\OT1/cmr/m/n/10.95 Unrealistic sched-ules and
 []


Underfull \hbox (badness 1354) in paragraph at lines 101--101
[]|\OT1/cmr/m/n/10.95 Developing the wrong soft-
 []

Missing character: There is no ‚ in font cmr10!
Missing character: There is no Ä in font cmr10!
Missing character: There is no ô in font cmr10!

Underfull \hbox (badness 10000) in paragraph at lines 103--103
[]|\OT1/cmr/m/n/10.95 Requirement
 []


Underfull \hbox (badness 10000) in paragraph at lines 104--104
[]|\OT1/cmr/m/n/10.95 Uncontrolled and un-pre-
 []


Underfull \hbox (badness 2027) in paragraph at lines 104--104
\OT1/cmr/m/n/10.95 dictable changes in sys-tem
 []


Underfull \hbox (badness 10000) in paragraph at lines 105--105
[]|\OT1/cmr/m/n/10.95 Resource us-age
 []


Underfull \hbox (badness 10000) in paragraph at lines 105--105
[]|\OT1/cmr/m/n/10.95 Poor sys-tem per-for-mance
 []


Underfull \hbox (badness 10000) in paragraph at lines 106--106
[]|\OT1/cmr/m/n/10.95 Straining computer-science
 []


Underfull \hbox (badness 2368) in paragraph at lines 106--106
[]|\OT1/cmr/m/n/10.95 Inability to im-ple-ment the
 []

[14]
Underfull \hbox (badness 10000) in paragraph at lines 130--130
[]|\OT1/cmr/m/n/10.95 Unrealistic sched-ules
 []


Underfull \hbox (badness 1648) in paragraph at lines 131--131
[]|\OT1/cmr/m/n/10.95 Developing the wrong
 []


Underfull \hbox (badness 3942) in paragraph at lines 134--134
[]|\OT1/cmr/m/n/10.95 Continuing stream of
 []


Underfull \hbox (badness 1708) in paragraph at lines 135--135
[]|\OT1/cmr/m/n/10.95 Real-time per-for-mance
 []


Underfull \hbox (badness 10000) in paragraph at lines 136--136
[]|\OT1/cmr/m/n/10.95 Straining computer-
 []


Overfull \hbox (2.4127pt too wide) in paragraph at lines 126--138
 [][] 
 []

[15]
Underfull \hbox (badness 10000) in paragraph at lines 153--153
[]|\OT1/cmr/m/n/10.95 Unrealistic sched-ules
 []


Underfull \hbox (badness 1648) in paragraph at lines 155--155
[]|\OT1/cmr/m/n/10.95 Developing the wrong
 []


Underfull \hbox (badness 1648) in paragraph at lines 158--158
[]|\OT1/cmr/m/n/10.95 Developing the wrong
 []


Underfull \hbox (badness 3942) in paragraph at lines 162--162
[]|\OT1/cmr/m/n/10.95 Continuing stream of
 []


Underfull \hbox (badness 1708) in paragraph at lines 164--164
[]|\OT1/cmr/m/n/10.95 Real-time per-for-mance
 []


Underfull \hbox (badness 10000) in paragraph at lines 166--166
[]|\OT1/cmr/m/n/10.95 Straining computer-
 []


Overfull \hbox (6.06549pt too wide) in paragraph at lines 148--169
 [][] 
 []

[16]) [17] [18]
\openout2 = `Analysis.aux'.

 (./Analysis.tex
Chapter 4.
------------------------------------------------------------------------------
 4 System Analysis
------------------------------------------------------------------------------
Missing character: There is no ‚ in font cmr10!
Missing character: There is no Ä in font cmr10!
Missing character: There is no ô in font cmr10!
[19



]
Missing character: There is no ‚ in font cmr10!
Missing character: There is no Ä in font cmr10!
Missing character: There is no ô in font cmr10!
Missing character: There is no ‚ in font cmr10!
Missing character: There is no Ä in font cmr10!
Missing character: There is no ô in font cmr10!
Missing character: There is no ‚ in font cmr10!
Missing character: There is no Ä in font cmr10!
Missing character: There is no ô in font cmr10!
Package epstopdf Info: Source file: <./img/Picture4.eps>
(epstopdf)                    date: 2016-08-23 20:45:10
(epstopdf)                    size: 1309924 bytes
(epstopdf)             Output file: <./img/Picture4-eps-converted-to.pdf>
(epstopdf)                    date: 2016-08-23 21:27:12
(epstopdf)                    size: 38860 bytes
(epstopdf)             Command: <epstopdf --outfile=./img/Picture4-eps-converted-to.pdf ./img/Picture4.eps>
(epstopdf)             \includegraphics on input line 37.
Package epstopdf Info: Output file is already uptodate.
 <./img/Picture4-eps-converted-to.pdf, id=712, 326.21875pt x 152.57pt>
File: ./img/Picture4-eps-converted-to.pdf Graphic file (type pdf)
 <use ./img/Picture4-eps-converted-to.pdf>
Package pdftex.def Info: ./img/Picture4-eps-converted-to.pdf used on input line 37.
(pdftex.def)             Requested size: 341.43306pt x 159.70036pt.
Package epstopdf Info: Source file: <./img/Picture5.eps>
(epstopdf)                    date: 2016-08-23 20:45:12
(epstopdf)                    size: 1189722 bytes
(epstopdf)             Output file: <./img/Picture5-eps-converted-to.pdf>
(epstopdf)                    date: 2016-08-23 21:27:12
(epstopdf)                    size: 31827 bytes
(epstopdf)             Command: <epstopdf --outfile=./img/Picture5-eps-converted-to.pdf ./img/Picture5.eps>
(epstopdf)             \includegraphics on input line 44.
Package epstopdf Info: Output file is already uptodate.
 <./img/Picture5-eps-converted-to.pdf, id=713, 310.15875pt x 145.54375pt>
File: ./img/Picture5-eps-converted-to.pdf Graphic file (type pdf)
 <use ./img/Picture5-eps-converted-to.pdf>
Package pdftex.def Info: ./img/Picture5-eps-converted-to.pdf used on input line 44.
(pdftex.def)             Requested size: 341.43306pt x 160.21852pt.
 [20 <./img/Picture4-eps-converted-to.pdf>]
Package epstopdf Info: Source file: <./img/Picture6.eps>
(epstopdf)                    date: 2016-08-23 20:45:24
(epstopdf)                    size: 1289511 bytes
(epstopdf)             Output file: <./img/Picture6-eps-converted-to.pdf>
(epstopdf)                    date: 2016-08-23 21:27:12
(epstopdf)                    size: 41354 bytes
(epstopdf)             Command: <epstopdf --outfile=./img/Picture6-eps-converted-to.pdf ./img/Picture6.eps>
(epstopdf)             \includegraphics on input line 53.
Package epstopdf Info: Output file is already uptodate.
 <./img/Picture6-eps-converted-to.pdf, id=722, 313.17pt x 156.585pt>
File: ./img/Picture6-eps-converted-to.pdf Graphic file (type pdf)
 <use ./img/Picture6-eps-converted-to.pdf>
Package pdftex.def Info: ./img/Picture6-eps-converted-to.pdf used on input line 53.
(pdftex.def)             Requested size: 312.9803pt x 156.4962pt.
Missing character: There is no ‚ in font cmr10!
Missing character: There is no Ä in font cmr10!
Missing character: There is no ô in font cmr10!
Missing character: There is no ‚ in font cmr10!
Missing character: There is no Ä in font cmr10!
Missing character: There is no ô in font cmr10!
Missing character: There is no ‚ in font cmr10!
Missing character: There is no Ä in font cmr10!
Missing character: There is no ô in font cmr10!
 [21 <./img/Picture5-eps-converted-to.pdf> <./img/Picture6-eps-converted-to.pdf>]
Underfull \hbox (badness 10000) in paragraph at lines 71--71
[]|\OT1/cmr/bx/n/10.95 Weighted
 []


Underfull \hbox (badness 1418) in paragraph at lines 73--73
[]|\OT1/cmr/m/n/10.95 Strongly In-flu-en-
 []


Underfull \hbox (badness 4024) in paragraph at lines 74--74
[]|\OT1/cmr/m/n/10.95 Environment (cli-mate,
 []


Underfull \hbox (badness 1418) in paragraph at lines 74--74
[]|\OT1/cmr/m/n/10.95 Strongly In-flu-en-
 []


Underfull \hbox (badness 10000) in paragraph at lines 75--75
[]|\OT1/cmr/m/n/10.95 Recommendations
 []


Underfull \hbox (badness 4673) in paragraph at lines 75--75
[]|\OT1/cmr/m/n/10.95 Somewhat In-flu-
 []


Underfull \hbox (badness 4673) in paragraph at lines 76--76
[]|\OT1/cmr/m/n/10.95 Somewhat In-flu-
 []


Underfull \hbox (badness 4673) in paragraph at lines 77--77
[]|\OT1/cmr/m/n/10.95 Somewhat In-flu-
 []


Underfull \hbox (badness 10000) in paragraph at lines 78--78
[]|\OT1/cmr/m/n/10.95 International Stu-dent
 []


Underfull \hbox (badness 10000) in paragraph at lines 78--78
[]|\OT1/cmr/m/n/10.95 Slightly In-flu-en-
 []

Missing character: There is no ‚ in font cmr10!
Missing character: There is no Ä in font cmr10!
Missing character: There is no ô in font cmr10!

Underfull \hbox (badness 10000) in paragraph at lines 92--92
[]|\OT1/cmr/bx/n/10.95 Weighted
 []


Underfull \hbox (badness 10000) in paragraph at lines 93--93
[]|\OT1/cmr/m/n/10.95 Guardian Uni-ver-sity
 []


Underfull \hbox (badness 3260) in paragraph at lines 94--94
[]|\OT1/cmr/m/n/10.95 Times Higher Ed-u-ca-
 []


Underfull \hbox (badness 4673) in paragraph at lines 96--96
[]|\OT1/cmr/m/n/10.95 Somewhat In-flu-
 []


Underfull \hbox (badness 10000) in paragraph at lines 97--97
[]|\OT1/cmr/m/n/10.95 Research Ex-cel-lence
 []


Underfull \hbox (badness 10000) in paragraph at lines 98--98
\OT1/cmr/m/n/10.95 sity Guide Rank-ing
 []


Underfull \hbox (badness 10000) in paragraph at lines 99--99
[]|\OT1/cmr/m/n/10.95 Academic Rank-ing
 []


Underfull \hbox (badness 4144) in paragraph at lines 99--99
\OT1/cmr/m/n/10.95 of World Uni-ver-si-ties
 []


Underfull \hbox (badness 10000) in paragraph at lines 99--99
\OT1/cmr/m/n/10.95 (Shang-hai Jiao-Tong
 []


Underfull \hbox (badness 10000) in paragraph at lines 99--99
[]|\OT1/cmr/m/n/10.95 Slightly In-flu-en-
 []

[22]
Missing character: There is no ‚ in font cmr10!
Missing character: There is no Ä in font cmr10!
Missing character: There is no ô in font cmr10!

Underfull \hbox (badness 10000) in paragraph at lines 111--111
[]|\OT1/cmr/bx/n/10.95 Weighted
 []


Underfull \hbox (badness 1418) in paragraph at lines 112--112
[]|\OT1/cmr/m/n/10.95 Strongly In-flu-en-
 []


Underfull \hbox (badness 1418) in paragraph at lines 113--113
[]|\OT1/cmr/m/n/10.95 Strongly In-flu-en-
 []


Underfull \hbox (badness 4673) in paragraph at lines 114--114
[]|\OT1/cmr/m/n/10.95 Somewhat In-flu-
 []

Missing character: There is no ‚ in font cmr10!
Missing character: There is no Ä in font cmr10!
Missing character: There is no ô in font cmr10!

Underfull \hbox (badness 10000) in paragraph at lines 128--128
[]|\OT1/cmr/bx/n/10.95 Weighted
 []


Underfull \hbox (badness 1418) in paragraph at lines 131--131
[]|\OT1/cmr/m/n/10.95 Strongly In-flu-en-
 []


Underfull \hbox (badness 10000) in paragraph at lines 133--133
[]|\OT1/cmr/m/n/10.95 City lo-ca-tion (ge-o-
 []


Underfull \hbox (badness 7203) in paragraph at lines 133--133
\OT1/cmr/m/n/10.95 graphic prox-im-ity to
 []


Underfull \hbox (badness 1418) in paragraph at lines 133--133
[]|\OT1/cmr/m/n/10.95 Strongly In-flu-en-
 []


Underfull \hbox (badness 2961) in paragraph at lines 134--134
\OT1/cmr/m/n/10.95 port, rail-way sta-tion,
 []

[23]
Missing character: There is no ‚ in font cmr10!
Missing character: There is no Ä in font cmr10!
Missing character: There is no ô in font cmr10!

Underfull \hbox (badness 10000) in paragraph at lines 148--148
[]|\OT1/cmr/bx/n/10.95 Weighted
 []

Missing character: There is no ‚ in font cmr10!
Missing character: There is no Ä in font cmr10!
Missing character: There is no ô in font cmr10!
Missing character: There is no ‚ in font cmr10!
Missing character: There is no Ä in font cmr10!
Missing character: There is no ú in font cmr10!
Missing character: There is no ‚ in font cmr10!
Missing character: There is no Ä in font cmr10!
Missing character: There is no ù in font cmr10!
Missing character: There is no ‚ in font cmr10!
Missing character: There is no Ä in font cmr10!
Missing character: There is no ú in font cmr10!
Missing character: There is no ‚ in font cmr10!
Missing character: There is no Ä in font cmr10!
Missing character: There is no ù in font cmr10!
Missing character: There is no ‚ in font cmr10!
Missing character: There is no Ä in font cmr10!
Missing character: There is no ú in font cmr10!
Missing character: There is no ‚ in font cmr10!
Missing character: There is no Ä in font cmr10!
Missing character: There is no ù in font cmr10!
Missing character: There is no ‚ in font cmr10!
Missing character: There is no Ä in font cmr10!
Missing character: There is no ô in font cmr10!
[24]
Missing character: There is no ‚ in font cmr10!
Missing character: There is no Ä in font cmr10!
Missing character: There is no ô in font cmr10!
 [25]
Underfull \hbox (badness 10000) in paragraph at lines 206--206
[]|\OT1/cmr/bx/n/10.95 Related User
 []


Overfull \hbox (0.96092pt too wide) in paragraph at lines 206--206
[]|\OT1/cmr/bx/n/10.95 Priority| 
 []


Underfull \hbox (badness 10000) in paragraph at lines 207--207
[]|\OT1/cmr/m/n/10.95 UREQ1,
 []


Overfull \hbox (16.63907pt too wide) in paragraph at lines 204--216
 [][] 
 []

[26]
Underfull \hbox (badness 10000) in paragraph at lines 235--235
[]|\OT1/cmr/m/n/10.95 The sys-tem should be com-pat-i-ble with
 []

Missing character: There is no ‚ in font cmr10!
Missing character: There is no Ä in font cmr10!
Missing character: There is no ô in font cmr10!
) [27]
\openout2 = `Design.aux'.

 (./Design.tex
Chapter 5.
------------------------------------------------------------------------------
 5 System Design
------------------------------------------------------------------------------
[28



]
Package epstopdf Info: Source file: <./img/Picture7.eps>
(epstopdf)                    date: 2016-08-23 20:45:27
(epstopdf)                    size: 841266 bytes
(epstopdf)             Output file: <./img/Picture7-eps-converted-to.pdf>
(epstopdf)                    date: 2016-08-23 21:29:04
(epstopdf)                    size: 33464 bytes
(epstopdf)             Command: <epstopdf --outfile=./img/Picture7-eps-converted-to.pdf ./img/Picture7.eps>
(epstopdf)             \includegraphics on input line 48.
Package epstopdf Info: Output file is already uptodate.
 <./img/Picture7-eps-converted-to.pdf, id=774, 100.375pt x 318.18875pt>
File: ./img/Picture7-eps-converted-to.pdf Graphic file (type pdf)
 <use ./img/Picture7-eps-converted-to.pdf>
Package pdftex.def Info: ./img/Picture7-eps-converted-to.pdf used on input line 48.
(pdftex.def)             Requested size: 113.81102pt x 360.80656pt.
 [29]
Missing character: There is no ‚ in font cmr10!
Missing character: There is no Ä in font cmr10!
Missing character: There is no ú in font cmr10!
Missing character: There is no ‚ in font cmr10!
Missing character: There is no Ä in font cmr10!
Missing character: There is no ù in font cmr10!
Missing character: There is no ‚ in font cmr10!
Missing character: There is no Ä in font cmr10!
Missing character: There is no ú in font cmr10!
Missing character: There is no ‚ in font cmr10!
Missing character: There is no Ä in font cmr10!
Missing character: There is no ù in font cmr10!
 [30 <./img/Picture7-eps-converted-to.pdf>]
Package epstopdf Info: Source file: <./img/Picture8.eps>
(epstopdf)                    date: 2016-08-23 20:45:35
(epstopdf)                    size: 7197924 bytes
(epstopdf)             Output file: <./img/Picture8-eps-converted-to.pdf>
(epstopdf)                    date: 2016-08-23 21:29:05
(epstopdf)                    size: 164185 bytes
(epstopdf)             Command: <epstopdf --outfile=./img/Picture8-eps-converted-to.pdf ./img/Picture8.eps>
(epstopdf)             \includegraphics on input line 61.
Package epstopdf Info: Output file is already uptodate.
 <./img/Picture8-eps-converted-to.pdf, id=788, 500.87125pt x 548.0475pt>
File: ./img/Picture8-eps-converted-to.pdf Graphic file (type pdf)
 <use ./img/Picture8-eps-converted-to.pdf>
Package pdftex.def Info: ./img/Picture8-eps-converted-to.pdf used on input line 61.
(pdftex.def)             Requested size: 426.79134pt x 467.01332pt.

Overfull \hbox (9.31827pt too wide) in paragraph at lines 61--62
 [][] 
 []

[31 <./img/Picture8-eps-converted-to.pdf>]
Package epstopdf Info: Source file: <./img/Picture9.eps>
(epstopdf)                    date: 2016-08-23 20:45:35
(epstopdf)                    size: 1662818 bytes
(epstopdf)             Output file: <./img/Picture9-eps-converted-to.pdf>
(epstopdf)                    date: 2016-08-23 21:29:05
(epstopdf)                    size: 44338 bytes
(epstopdf)             Command: <epstopdf --outfile=./img/Picture9-eps-converted-to.pdf ./img/Picture9.eps>
(epstopdf)             \includegraphics on input line 73.
Package epstopdf Info: Output file is already uptodate.
 <./img/Picture9-eps-converted-to.pdf, id=798, 192.72pt x 327.2225pt>
File: ./img/Picture9-eps-converted-to.pdf Graphic file (type pdf)
 <use ./img/Picture9-eps-converted-to.pdf>
Package pdftex.def Info: ./img/Picture9-eps-converted-to.pdf used on input line 73.
(pdftex.def)             Requested size: 170.71652pt x 289.85902pt.
 [32 <./img/Picture9-eps-converted-to.pdf>]
Package epstopdf Info: Source file: <./img/Picture10.eps>
(epstopdf)                    date: 2016-08-23 20:46:30
(epstopdf)                    size: 3130846 bytes
(epstopdf)             Output file: <./img/Picture10-eps-converted-to.pdf>
(epstopdf)                    date: 2016-08-23 21:29:05
(epstopdf)                    size: 72673 bytes
(epstopdf)             Command: <epstopdf --outfile=./img/Picture10-eps-converted-to.pdf ./img/Picture10.eps>
(epstopdf)             \includegraphics on input line 94.
Package epstopdf Info: Output file is already uptodate.
 <./img/Picture10-eps-converted-to.pdf, id=810, 501.875pt x 237.88875pt>
File: ./img/Picture10-eps-converted-to.pdf Graphic file (type pdf)
 <use ./img/Picture10-eps-converted-to.pdf>
Package pdftex.def Info: ./img/Picture10-eps-converted-to.pdf used on input line 94.
(pdftex.def)             Requested size: 455.24408pt x 215.79666pt.

Overfull \hbox (37.77101pt too wide) in paragraph at lines 94--95
 [][] 
 []

Package epstopdf Info: Source file: <./img/Picture11.eps>
(epstopdf)                    date: 2016-08-23 20:46:30
(epstopdf)                    size: 3803161 bytes
(epstopdf)             Output file: <./img/Picture11-eps-converted-to.pdf>
(epstopdf)                    date: 2016-08-23 21:31:17
(epstopdf)                    size: 98031 bytes
(epstopdf)             Command: <epstopdf --outfile=./img/Picture11-eps-converted-to.pdf ./img/Picture11.eps>
(epstopdf)             \includegraphics on input line 107.
Package epstopdf Info: Output file is already uptodate.
<./img/Picture11-eps-converted-to.pdf, id=811, 506.89375pt x 286.06876pt>
File: ./img/Picture11-eps-converted-to.pdf Graphic file (type pdf)
 <use ./img/Picture11-eps-converted-to.pdf>
Package pdftex.def Info: ./img/Picture11-eps-converted-to.pdf used on input line 107.
(pdftex.def)             Requested size: 426.79134pt x 240.86794pt.

Overfull \hbox (9.31827pt too wide) in paragraph at lines 107--108
 [][] 
 []

[33 <./img/Picture10-eps-converted-to.pdf>]
Package epstopdf Info: Source file: <./img/Picture12.eps>
(epstopdf)                    date: 2016-08-23 20:46:30
(epstopdf)                    size: 1818850 bytes
(epstopdf)             Output file: <./img/Picture12-eps-converted-to.pdf>
(epstopdf)                    date: 2016-08-23 21:31:17
(epstopdf)                    size: 64048 bytes
(epstopdf)             Command: <epstopdf --outfile=./img/Picture12-eps-converted-to.pdf ./img/Picture12.eps>
(epstopdf)             \includegraphics on input line 126.
Package epstopdf Info: Output file is already uptodate.
 <./img/Picture12-eps-converted-to.pdf, id=821, 254.9525pt x 272.01625pt>
File: ./img/Picture12-eps-converted-to.pdf Graphic file (type pdf)
 <use ./img/Picture12-eps-converted-to.pdf>
Package pdftex.def Info: ./img/Picture12-eps-converted-to.pdf used on input line 126.
(pdftex.def)             Requested size: 284.52756pt x 303.58525pt.
 [34 <./img/Picture11-eps-converted-to.pdf>]
Package epstopdf Info: Source file: <./img/Picture13.eps>
(epstopdf)                    date: 2016-08-23 20:46:30
(epstopdf)                    size: 1825498 bytes
(epstopdf)             Output file: <./img/Picture13-eps-converted-to.pdf>
(epstopdf)                    date: 2016-08-23 21:31:17
(epstopdf)                    size: 125558 bytes
(epstopdf)             Command: <epstopdf --outfile=./img/Picture13-eps-converted-to.pdf ./img/Picture13.eps>
(epstopdf)             \includegraphics on input line 139.
Package epstopdf Info: Output file is already uptodate.
 <./img/Picture13-eps-converted-to.pdf, id=831, 254.9525pt x 272.01625pt>
File: ./img/Picture13-eps-converted-to.pdf Graphic file (type pdf)
 <use ./img/Picture13-eps-converted-to.pdf>
Package pdftex.def Info: ./img/Picture13-eps-converted-to.pdf used on input line 139.
(pdftex.def)             Requested size: 284.52756pt x 303.58525pt.
 [35 <./img/Picture12-eps-converted-to.pdf>]
Package epstopdf Info: Source file: <./img/Picture14.eps>
(epstopdf)                    date: 2016-08-23 20:46:30
(epstopdf)                    size: 3155676 bytes
(epstopdf)             Output file: <./img/Picture14-eps-converted-to.pdf>
(epstopdf)                    date: 2016-08-23 21:31:18
(epstopdf)                    size: 145661 bytes
(epstopdf)             Command: <epstopdf --outfile=./img/Picture14-eps-converted-to.pdf ./img/Picture14.eps>
(epstopdf)             \includegraphics on input line 154.
Package epstopdf Info: Output file is already uptodate.
 <./img/Picture14-eps-converted-to.pdf, id=841, 254.9525pt x 470.75874pt>
File: ./img/Picture14-eps-converted-to.pdf Graphic file (type pdf)
 <use ./img/Picture14-eps-converted-to.pdf>
Package pdftex.def Info: ./img/Picture14-eps-converted-to.pdf used on input line 154.
(pdftex.def)             Requested size: 284.52756pt x 525.39294pt.
 [36 <./img/Picture13-eps-converted-to.pdf>]
Package epstopdf Info: Source file: <./img/Picture15.eps>
(epstopdf)                    date: 2016-08-23 20:46:30
(epstopdf)                    size: 2247516 bytes
(epstopdf)             Output file: <./img/Picture15-eps-converted-to.pdf>
(epstopdf)                    date: 2016-08-23 21:31:19
(epstopdf)                    size: 119358 bytes
(epstopdf)             Command: <epstopdf --outfile=./img/Picture15-eps-converted-to.pdf ./img/Picture15.eps>
(epstopdf)             \includegraphics on input line 169.
Package epstopdf Info: Output file is already uptodate.
 <./img/Picture15-eps-converted-to.pdf, id=850, 252.945pt x 339.2675pt>
File: ./img/Picture15-eps-converted-to.pdf Graphic file (type pdf)
 <use ./img/Picture15-eps-converted-to.pdf>
Package pdftex.def Info: ./img/Picture15-eps-converted-to.pdf used on input line 169.
(pdftex.def)             Requested size: 284.52756pt x 381.63358pt.
 [37 <./img/Picture14-eps-converted-to.pdf>]) [38 <./img/Picture15-eps-converted-to.pdf>]
\openout2 = `Implementation.aux'.

 (./Implementation.tex
Chapter 6.
------------------------------------------------------------------------------
 6 System Implementation
------------------------------------------------------------------------------
[39



]
Missing character: There is no ‚ in font cmr10!
Missing character: There is no Ä in font cmr10!
Missing character: There is no ô in font cmr10!
 [40]
Package epstopdf Info: Source file: <./img/Picture16.eps>
(epstopdf)                    date: 2016-08-23 20:46:30
(epstopdf)                    size: 2583351 bytes
(epstopdf)             Output file: <./img/Picture16-eps-converted-to.pdf>
(epstopdf)                    date: 2016-08-23 21:34:23
(epstopdf)                    size: 131652 bytes
(epstopdf)             Command: <epstopdf --outfile=./img/Picture16-eps-converted-to.pdf ./img/Picture16.eps>
(epstopdf)             \includegraphics on input line 56.
Package epstopdf Info: Output file is already uptodate.
 <./img/Picture16-eps-converted-to.pdf, id=879, 423.5825pt x 231.86626pt>
File: ./img/Picture16-eps-converted-to.pdf Graphic file (type pdf)
 <use ./img/Picture16-eps-converted-to.pdf>
Package pdftex.def Info: ./img/Picture16-eps-converted-to.pdf used on input line 56.
(pdftex.def)             Requested size: 426.79134pt x 233.63112pt.

Overfull \hbox (9.31827pt too wide) in paragraph at lines 56--57
 [][] 
 []

Package epstopdf Info: Source file: <./img/Picture17.eps>
(epstopdf)                    date: 2016-08-23 20:46:31
(epstopdf)                    size: 898178 bytes
(epstopdf)             Output file: <./img/Picture17-eps-converted-to.pdf>
(epstopdf)                    date: 2016-08-23 21:34:24
(epstopdf)                    size: 52553 bytes
(epstopdf)             Command: <epstopdf --outfile=./img/Picture17-eps-converted-to.pdf ./img/Picture17.eps>
(epstopdf)             \includegraphics on input line 63.
Package epstopdf Info: Output file is already uptodate.
<./img/Picture17-eps-converted-to.pdf, id=880, 212.795pt x 160.6pt>
File: ./img/Picture17-eps-converted-to.pdf Graphic file (type pdf)
 <use ./img/Picture17-eps-converted-to.pdf>
Package pdftex.def Info: ./img/Picture17-eps-converted-to.pdf used on input line 63.
(pdftex.def)             Requested size: 170.71652pt x 128.85019pt.
 [41 <./img/Picture16-eps-converted-to.pdf>]
Missing character: There is no ‚ in font cmr10!
Missing character: There is no Ä in font cmr10!
Missing character: There is no ô in font cmr10!
Package epstopdf Info: Source file: <./img/Picture18.eps>
(epstopdf)                    date: 2016-08-23 20:46:31
(epstopdf)                    size: 3734642 bytes
(epstopdf)             Output file: <./img/Picture18-eps-converted-to.pdf>
(epstopdf)                    date: 2016-08-23 21:34:24
(epstopdf)                    size: 106053 bytes
(epstopdf)             Command: <epstopdf --outfile=./img/Picture18-eps-converted-to.pdf ./img/Picture18.eps>
(epstopdf)             \includegraphics on input line 86.
Package epstopdf Info: Output file is already uptodate.
 <./img/Picture18-eps-converted-to.pdf, id=891, 481.8pt x 295.1025pt>
File: ./img/Picture18-eps-converted-to.pdf Graphic file (type pdf)
 <use ./img/Picture18-eps-converted-to.pdf>
Package pdftex.def Info: ./img/Picture18-eps-converted-to.pdf used on input line 86.
(pdftex.def)             Requested size: 426.79134pt x 261.41559pt.

Overfull \hbox (9.31827pt too wide) in paragraph at lines 86--87
 [][] 
 []

[42 <./img/Picture17-eps-converted-to.pdf>]
Package epstopdf Info: Source file: <./img/Picture19.eps>
(epstopdf)                    date: 2016-08-23 20:46:31
(epstopdf)                    size: 1306979 bytes
(epstopdf)             Output file: <./img/Picture19-eps-converted-to.pdf>
(epstopdf)                    date: 2016-08-23 21:34:25
(epstopdf)                    size: 30789 bytes
(epstopdf)             Command: <epstopdf --outfile=./img/Picture19-eps-converted-to.pdf ./img/Picture19.eps>
(epstopdf)             \includegraphics on input line 94.
Package epstopdf Info: Output file is already uptodate.
 <./img/Picture19-eps-converted-to.pdf, id=901, 383.4325pt x 129.48375pt>
File: ./img/Picture19-eps-converted-to.pdf Graphic file (type pdf)
 <use ./img/Picture19-eps-converted-to.pdf>
Package pdftex.def Info: ./img/Picture19-eps-converted-to.pdf used on input line 94.
(pdftex.def)             Requested size: 341.43306pt x 115.30733pt.
Package epstopdf Info: Source file: <./img/Picture20.eps>
(epstopdf)                    date: 2016-08-23 20:46:31
(epstopdf)                    size: 1133477 bytes
(epstopdf)             Output file: <./img/Picture20-eps-converted-to.pdf>
(epstopdf)                    date: 2016-08-23 21:34:25
(epstopdf)                    size: 75397 bytes
(epstopdf)             Command: <epstopdf --outfile=./img/Picture20-eps-converted-to.pdf ./img/Picture20.eps>
(epstopdf)             \includegraphics on input line 104.
Package epstopdf Info: Output file is already uptodate.
 <./img/Picture20-eps-converted-to.pdf, id=902, 453.695pt x 95.35625pt>
File: ./img/Picture20-eps-converted-to.pdf Graphic file (type pdf)
 <use ./img/Picture20-eps-converted-to.pdf>
Package pdftex.def Info: ./img/Picture20-eps-converted-to.pdf used on input line 104.
(pdftex.def)             Requested size: 426.79134pt x 89.7018pt.

Overfull \hbox (9.31827pt too wide) in paragraph at lines 104--105
 [][] 
 []

[43 <./img/Picture18-eps-converted-to.pdf> <./img/Picture19-eps-converted-to.pdf>]
Package epstopdf Info: Source file: <./img/Picture21.eps>
(epstopdf)                    date: 2016-08-23 20:46:31
(epstopdf)                    size: 1943097 bytes
(epstopdf)             Output file: <./img/Picture21-eps-converted-to.pdf>
(epstopdf)                    date: 2016-08-23 21:34:26
(epstopdf)                    size: 61297 bytes
(epstopdf)             Command: <epstopdf --outfile=./img/Picture21-eps-converted-to.pdf ./img/Picture21.eps>
(epstopdf)             \includegraphics on input line 114.
Package epstopdf Info: Output file is already uptodate.
 <./img/Picture21-eps-converted-to.pdf, id=915, 455.7025pt x 162.6075pt>
File: ./img/Picture21-eps-converted-to.pdf Graphic file (type pdf)
 <use ./img/Picture21-eps-converted-to.pdf>
Package pdftex.def Info: ./img/Picture21-eps-converted-to.pdf used on input line 114.
(pdftex.def)             Requested size: 426.79134pt x 152.29527pt.

Overfull \hbox (9.31827pt too wide) in paragraph at lines 114--116
 [][] 
 []

Package epstopdf Info: Source file: <./img/Picture22.eps>
(epstopdf)                    date: 2016-08-23 20:46:31
(epstopdf)                    size: 4941684 bytes
(epstopdf)             Output file: <./img/Picture22-eps-converted-to.pdf>
(epstopdf)                    date: 2016-08-23 21:34:26
(epstopdf)                    size: 121009 bytes
(epstopdf)             Command: <epstopdf --outfile=./img/Picture22-eps-converted-to.pdf ./img/Picture22.eps>
(epstopdf)             \includegraphics on input line 128.
Package epstopdf Info: Output file is already uptodate.
<./img/Picture22-eps-converted-to.pdf, id=916, 500.87125pt x 376.40625pt>
File: ./img/Picture22-eps-converted-to.pdf Graphic file (type pdf)
 <use ./img/Picture22-eps-converted-to.pdf>
Package pdftex.def Info: ./img/Picture22-eps-converted-to.pdf used on input line 128.
(pdftex.def)             Requested size: 426.79134pt x 320.7509pt.

Overfull \hbox (9.31827pt too wide) in paragraph at lines 128--129
 [][] 
 []

[44 <./img/Picture20-eps-converted-to.pdf> <./img/Picture21-eps-converted-to.pdf>]
Package epstopdf Info: Source file: <./img/Picture23.eps>
(epstopdf)                    date: 2016-08-23 20:46:31
(epstopdf)                    size: 2969844 bytes
(epstopdf)             Output file: <./img/Picture23-eps-converted-to.pdf>
(epstopdf)                    date: 2016-08-23 21:34:27
(epstopdf)                    size: 187176 bytes
(epstopdf)             Command: <epstopdf --outfile=./img/Picture23-eps-converted-to.pdf ./img/Picture23.eps>
(epstopdf)             \includegraphics on input line 140.
Package epstopdf Info: Output file is already uptodate.
 <./img/Picture23-eps-converted-to.pdf, id=929, 500.87125pt x 225.84375pt>
File: ./img/Picture23-eps-converted-to.pdf Graphic file (type pdf)
 <use ./img/Picture23-eps-converted-to.pdf>
Package pdftex.def Info: ./img/Picture23-eps-converted-to.pdf used on input line 140.
(pdftex.def)             Requested size: 426.79134pt x 192.45053pt.

Overfull \hbox (9.31827pt too wide) in paragraph at lines 140--141
 [][] 
 []

[45 <./img/Picture22-eps-converted-to.pdf>]
Package epstopdf Info: Source file: <./img/Picture24.eps>
(epstopdf)                    date: 2016-08-23 20:46:31
(epstopdf)                    size: 730102 bytes
(epstopdf)             Output file: <./img/Picture24-eps-converted-to.pdf>
(epstopdf)                    date: 2016-08-23 21:34:27
(epstopdf)                    size: 69764 bytes
(epstopdf)             Command: <epstopdf --outfile=./img/Picture24-eps-converted-to.pdf ./img/Picture24.eps>
(epstopdf)             \includegraphics on input line 155.
Package epstopdf Info: Output file is already uptodate.
 <./img/Picture24-eps-converted-to.pdf, id=938, 455.7025pt x 60.225pt>
File: ./img/Picture24-eps-converted-to.pdf Graphic file (type pdf)
 <use ./img/Picture24-eps-converted-to.pdf>
Package pdftex.def Info: ./img/Picture24-eps-converted-to.pdf used on input line 155.
(pdftex.def)             Requested size: 426.79134pt x 56.40564pt.

Overfull \hbox (9.31827pt too wide) in paragraph at lines 155--157
 [][] 
 []

Package epstopdf Info: Source file: <./img/Picture25.eps>
(epstopdf)                    date: 2016-08-23 20:46:31
(epstopdf)                    size: 5799685 bytes
(epstopdf)             Output file: <./img/Picture25-eps-converted-to.pdf>
(epstopdf)                    date: 2016-08-23 21:34:27
(epstopdf)                    size: 151070 bytes
(epstopdf)             Command: <epstopdf --outfile=./img/Picture25-eps-converted-to.pdf ./img/Picture25.eps>
(epstopdf)             \includegraphics on input line 163.
Package epstopdf Info: Output file is already uptodate.
<./img/Picture25-eps-converted-to.pdf, id=939, 501.875pt x 440.64626pt>
File: ./img/Picture25-eps-converted-to.pdf Graphic file (type pdf)
 <use ./img/Picture25-eps-converted-to.pdf>
Package pdftex.def Info: ./img/Picture25-eps-converted-to.pdf used on input line 163.
(pdftex.def)             Requested size: 426.79134pt x 374.73935pt.

Overfull \hbox (9.31827pt too wide) in paragraph at lines 163--165
 [][] 
 []

[46 <./img/Picture23-eps-converted-to.pdf> <./img/Picture24-eps-converted-to.pdf>]
Package epstopdf Info: Source file: <./img/Picture26.eps>
(epstopdf)                    date: 2016-08-23 20:46:31
(epstopdf)                    size: 3456484 bytes
(epstopdf)             Output file: <./img/Picture26-eps-converted-to.pdf>
(epstopdf)                    date: 2016-08-23 21:34:28
(epstopdf)                    size: 180322 bytes
(epstopdf)             Command: <epstopdf --outfile=./img/Picture26-eps-converted-to.pdf ./img/Picture26.eps>
(epstopdf)             \includegraphics on input line 180.
Package epstopdf Info: Output file is already uptodate.
 <./img/Picture26-eps-converted-to.pdf, id=952, 500.87125pt x 262.9825pt>
File: ./img/Picture26-eps-converted-to.pdf Graphic file (type pdf)
 <use ./img/Picture26-eps-converted-to.pdf>
Package pdftex.def Info: ./img/Picture26-eps-converted-to.pdf used on input line 180.
(pdftex.def)             Requested size: 426.79134pt x 224.09795pt.

Overfull \hbox (9.31827pt too wide) in paragraph at lines 180--182
 [][] 
 []

[47 <./img/Picture25-eps-converted-to.pdf>]
Package epstopdf Info: Source file: <./img/Picture27.eps>
(epstopdf)                    date: 2016-08-23 20:46:32
(epstopdf)                    size: 3450164 bytes
(epstopdf)             Output file: <./img/Picture27-eps-converted-to.pdf>
(epstopdf)                    date: 2016-08-23 21:34:28
(epstopdf)                    size: 226953 bytes
(epstopdf)             Command: <epstopdf --outfile=./img/Picture27-eps-converted-to.pdf ./img/Picture27.eps>
(epstopdf)             \includegraphics on input line 194.
Package epstopdf Info: Output file is already uptodate.
 <./img/Picture27-eps-converted-to.pdf, id=962, 500.87125pt x 262.9825pt>
File: ./img/Picture27-eps-converted-to.pdf Graphic file (type pdf)
 <use ./img/Picture27-eps-converted-to.pdf>
Package pdftex.def Info: ./img/Picture27-eps-converted-to.pdf used on input line 194.
(pdftex.def)             Requested size: 426.79134pt x 224.09795pt.

Overfull \hbox (9.31827pt too wide) in paragraph at lines 194--195
 [][] 
 []

[48 <./img/Picture26-eps-converted-to.pdf>]
Package epstopdf Info: Source file: <./img/Picture28.eps>
(epstopdf)                    date: 2016-08-23 20:46:32
(epstopdf)                    size: 695351 bytes
(epstopdf)             Output file: <./img/Picture28-eps-converted-to.pdf>
(epstopdf)                    date: 2016-08-23 21:34:28
(epstopdf)                    size: 21086 bytes
(epstopdf)             Command: <epstopdf --outfile=./img/Picture28-eps-converted-to.pdf ./img/Picture28.eps>
(epstopdf)             \includegraphics on input line 201.
Package epstopdf Info: Output file is already uptodate.
 <./img/Picture28-eps-converted-to.pdf, id=972, 269.005pt x 97.36375pt>
File: ./img/Picture28-eps-converted-to.pdf Graphic file (type pdf)
 <use ./img/Picture28-eps-converted-to.pdf>
Package pdftex.def Info: ./img/Picture28-eps-converted-to.pdf used on input line 201.
(pdftex.def)             Requested size: 227.62204pt x 82.38666pt.
) [49 <./img/Picture27-eps-converted-to.pdf> <./img/Picture28-eps-converted-to.pdf>]
\openout2 = `Test.aux'.

 (./Test.tex
Chapter 7.
------------------------------------------------------------------------------
 7 Testing and Evaluation
------------------------------------------------------------------------------
[50



] [51]
Overfull \hbox (4.46521pt too wide) in alignment at lines 39--43
 [] [] [] [] [] [] [] 
 []


Overfull \hbox (4.46521pt too wide) in alignment at lines 43--48
 [] [] [] [] [] [] [] 
 []


Overfull \hbox (4.46521pt too wide) in alignment at lines 48--51
 [] [] [] [] [] [] [] 
 []

Missing character: There is no ‚ in font cmr10!
Missing character: There is no Ä in font cmr10!
Missing character: There is no ô in font cmr10!

Underfull \hbox (badness 5147) in paragraph at lines 56--57
\OT1/cmr/m/n/10.95 2.Select from sug-ges-
 []


Underfull \hbox (badness 10000) in paragraph at lines 57--57
[]|\OT1/cmr/m/n/10.95 University of
 []


Underfull \hbox (badness 10000) in paragraph at lines 57--57
\OT1/cmr/m/n/10.95 Southamp-ton,
 []


Underfull \hbox (badness 10000) in paragraph at lines 57--57
\OT1/cmr/m/n/10.95 Com-puter Sci-
 []


Underfull \hbox (badness 1127) in paragraph at lines 57--57
\OT1/cmr/m/n/10.95 ma-tion about Uni-ver-sity of
 []


Underfull \hbox (badness 10000) in paragraph at lines 58--58
[]|\OT1/cmr/m/n/10.95 The web-page dis-
 []


Underfull \hbox (badness 10000) in paragraph at lines 58--58
\OT1/cmr/m/n/10.95 plays the rank-ing
 []


Underfull \hbox (badness 10000) in paragraph at lines 59--59
[]|\OT1/cmr/m/n/10.95 University of
 []


Underfull \hbox (badness 7451) in paragraph at lines 59--59
\OT1/cmr/m/n/10.95 rank-ing in-for-ma-tion about
 []


Underfull \hbox (badness 10000) in paragraph at lines 60--60
[]|\OT1/cmr/m/n/10.95 The web-page dis-
 []


Underfull \hbox (badness 4316) in paragraph at lines 60--60
\OT1/cmr/m/n/10.95 plays the map in
 []


Underfull \hbox (badness 10000) in paragraph at lines 61--61
[]|\OT1/cmr/m/n/10.95 The web-page dis-
 []


Underfull \hbox (badness 10000) in paragraph at lines 63--63
[]|\OT1/cmr/m/n/10.95 The web-page dis-
 []


Underfull \hbox (badness 4316) in paragraph at lines 63--63
\OT1/cmr/m/n/10.95 plays the map in
 []


Underfull \hbox (badness 10000) in paragraph at lines 63--64
[]|\OT1/cmr/m/n/10.95 1.Select dif-fer-ent
 []


Underfull \hbox (badness 10000) in paragraph at lines 65--65
[]|\OT1/cmr/m/n/10.95 The web-page dis-
 []


Underfull \hbox (badness 4316) in paragraph at lines 65--65
\OT1/cmr/m/n/10.95 plays the map in
 []


Underfull \hbox (badness 10000) in paragraph at lines 66--66
[]|\OT1/cmr/m/n/10.95 Airport, Train
 []


Overfull \hbox (4.46521pt too wide) in alignment at lines 51--70
 [] [] [] [] [] [] [] 
 []

[52

] [53]
Overfull \hbox (2.18622pt too wide) in paragraph at lines 76--77
\OT1/cmr/m/n/10.95 Non-functional test-ing, which con-sists of var-i-ous test-ings, is used to test all non-functional
 []

[54

]
Package epstopdf Info: Source file: <./img/Picture29.eps>
(epstopdf)                    date: 2016-08-23 20:46:32
(epstopdf)                    size: 885179 bytes
(epstopdf)             Output file: <./img/Picture29-eps-converted-to.pdf>
(epstopdf)                    date: 2016-08-23 21:34:29
(epstopdf)                    size: 16169 bytes
(epstopdf)             Command: <epstopdf --outfile=./img/Picture29-eps-converted-to.pdf ./img/Picture29.eps>
(epstopdf)             \includegraphics on input line 124.
Package epstopdf Info: Output file is already uptodate.
 <./img/Picture29-eps-converted-to.pdf, id=1007, 256.96pt x 130.4875pt>
File: ./img/Picture29-eps-converted-to.pdf Graphic file (type pdf)
 <use ./img/Picture29-eps-converted-to.pdf>
Package pdftex.def Info: ./img/Picture29-eps-converted-to.pdf used on input line 124.
(pdftex.def)             Requested size: 284.52756pt x 144.49837pt.
Missing character: There is no ‚ in font cmr10!
Missing character: There is no Ä in font cmr10!
Missing character: There is no ô in font cmr10!
 [55 <./img/Picture29-eps-converted-to.pdf>]
Missing character: There is no ‚ in font cmr10!
Missing character: There is no Ä in font cmr10!
Missing character: There is no ô in font cmr10!

Overfull \hbox (1.54579pt too wide) in paragraph at lines 154--164
 [][] 
 []


Underfull \hbox (badness 10000) in paragraph at lines 176--176
[]|\OT1/cmr/m/n/10.95 More Help-ful Than
 []

[56]
Package epstopdf Info: Source file: <./img/Picture30.eps>
(epstopdf)                    date: 2016-08-23 20:46:32
(epstopdf)                    size: 1276812 bytes
(epstopdf)             Output file: <./img/Picture30-eps-converted-to.pdf>
(epstopdf)                    date: 2016-08-23 21:34:29
(epstopdf)                    size: 16842 bytes
(epstopdf)             Command: <epstopdf --outfile=./img/Picture30-eps-converted-to.pdf ./img/Picture30.eps>
(epstopdf)             \includegraphics on input line 183.
Package epstopdf Info: Output file is already uptodate.
 <./img/Picture30-eps-converted-to.pdf, id=1022, 320.19624pt x 151.56625pt>
File: ./img/Picture30-eps-converted-to.pdf Graphic file (type pdf)
 <use ./img/Picture30-eps-converted-to.pdf>
Package pdftex.def Info: ./img/Picture30-eps-converted-to.pdf used on input line 183.
(pdftex.def)             Requested size: 312.9803pt x 148.1523pt.
Missing character: There is no ‚ in font cmr10!
Missing character: There is no Ä in font cmr10!
Missing character: There is no ô in font cmr10!
Missing character: There is no ‚ in font cmr10!
Missing character: There is no Ä in font cmr10!
Missing character: There is no ô in font cmr10!
) [57 <./img/Picture30-eps-converted-to.pdf>]
\openout2 = `Conclusions.aux'.

 (./Conclusions.tex
Chapter 8.
------------------------------------------------------------------------------
 8 Conclusion
------------------------------------------------------------------------------
Missing character: There is no ‚ in font cmr10!
Missing character: There is no Ä in font cmr10!
Missing character: There is no ô in font cmr10!
[58



]
Missing character: There is no ‚ in font cmr10!
Missing character: There is no Ä in font cmr10!
Missing character: There is no ô in font cmr10!
Missing character: There is no ‚ in font cmr10!
Missing character: There is no Ä in font cmr10!
Missing character: There is no ô in font cmr10!
 [59]) [60]
\openout2 = `AppendixA.aux'.

 (./AppendixA.tex
Appendix A.
------------------------------------------------------------------------------
 A Questionnaire for Requirement Analysis
------------------------------------------------------------------------------
[61



]
Underfull \hbox (badness 10000) in paragraph at lines 207--207
[]|\OT1/cmr/m/n/10.95 Research Ex-cel-lence Frame-work
 []


Underfull \hbox (badness 3291) in paragraph at lines 214--214
[]|\OT1/cmr/m/n/10.95 The Com-plete Uni-ver-sity Guide
 []

[62] [63]) [64]
\openout2 = `AppendixB.aux'.

 (./AppendixB.tex
Appendix B.
------------------------------------------------------------------------------
 B Task List for Comparative Evaluation
------------------------------------------------------------------------------
[65



]) [66]
\openout2 = `AppendixC.aux'.

 (./AppendixC.tex
Appendix C.
------------------------------------------------------------------------------
 C Questionnaire for Comparative Evaluation
------------------------------------------------------------------------------
[67



] [68]) [69]
------------------------------------------------------------------------------
 Bibliography
------------------------------------------------------------------------------
(/Users/ShanchuanWu/GitHub/UnivGuide/Dissertation/.texpadtmp/Thesis.bbl
Missing character: There is no ‚ in font cmr10!
Missing character: There is no Ä in font cmr10!
Missing character: There is no ú in font cmr10!
Missing character: There is no ‚ in font cmr10!
Missing character: There is no Ä in font cmr10!
Missing character: There is no ù in font cmr10!

Underfull \hbox (badness 10000) in paragraph at lines 55--61
[]\OT1/cmr/m/n/10.95 McKinsey Com-pany.  Open data: Un-lock-ing in-no-va-tion and
 []


Underfull \hbox (badness 10000) in paragraph at lines 55--61
\OT1/cmr/m/n/10.95 per-for-mance with liq-uid in-for-ma-tion.  [][]$\OT1/cmtt/m/n/10.95 http : / / www . mckinsey .
 []


Underfull \hbox (badness 10000) in paragraph at lines 55--61
\OT1/cmtt/m/n/10.95 com / business-[]functions / business-[]technology / our-[]insights /
 []


Overfull \hbox (14.4851pt too wide) in paragraph at lines 55--61
\OT1/cmtt/m/n/10.95 open-[]data-[]unlocking-[]innovation-[]and-[]performance-[]with-[]liquid-[]information$[][]\OT1/cmr/m/n/10.95 ,
 []

[70



]
Underfull \hbox (badness 4013) in paragraph at lines 116--122
[]\OT1/cmr/m/n/10.95 ARC.  It's of-fi-cial: Javascript is the most com-monly used pro-gram-
 []


Underfull \hbox (badness 2285) in paragraph at lines 116--122
\OT1/cmr/m/n/10.95 ming lan-guage on earth - arc.  [][]$\OT1/cmtt/m/n/10.95 https : / / arc . applause . com / 2016 / 03 / 22 /
 []

)
Package atveryend Info: Empty hook `BeforeClearDocument' on input line 79.
 [71]
Package atveryend Info: Empty hook `AfterLastShipout' on input line 79.
 (/Users/ShanchuanWu/GitHub/UnivGuide/Dissertation/.texpadtmp/Thesis.aux (/Users/ShanchuanWu/GitHub/UnivGuide/Dissertation/.texpadtmp/Introduction.aux) (/Users/ShanchuanWu/GitHub/UnivGuide/Dissertation/.texpadtmp/Background.aux) (/Users/ShanchuanWu/GitHub/UnivGuide/Dissertation/.texpadtmp/Management.aux) (/Users/ShanchuanWu/GitHub/UnivGuide/Dissertation/.texpadtmp/Analysis.aux) (/Users/ShanchuanWu/GitHub/UnivGuide/Dissertation/.texpadtmp/Design.aux) (/Users/ShanchuanWu/GitHub/UnivGuide/Dissertation/.texpadtmp/Implementation.aux) (/Users/ShanchuanWu/GitHub/UnivGuide/Dissertation/.texpadtmp/Test.aux) (/Users/ShanchuanWu/GitHub/UnivGuide/Dissertation/.texpadtmp/Conclusions.aux) (/Users/ShanchuanWu/GitHub/UnivGuide/Dissertation/.texpadtmp/AppendixA.aux) (/Users/ShanchuanWu/GitHub/UnivGuide/Dissertation/.texpadtmp/AppendixB.aux) (/Users/ShanchuanWu/GitHub/UnivGuide/Dissertation/.texpadtmp/AppendixC.aux))
Package atveryend Info: Executing hook `AtVeryEndDocument' on input line 79.
Package atveryend Info: Executing hook `AtEndAfterFileList' on input line 79.
Package rerunfilecheck Info: File `Thesis.out' has not changed.
(rerunfilecheck)             Checksum: <no file>.


LaTeX Warning: There were multiply-defined labels.

Package atveryend Info: Empty hook `AtVeryVeryEnd' on input line 79.
 ) 
Here is how much of TeX's memory you used:
 13278 strings out of 493089
 192405 string characters out of 6134841
 274571 words of memory out of 5000000
 16167 multiletter control sequences out of 15000+600000
 13104 words of font info for 50 fonts, out of 8000000 for 9000
 1141 hyphenation exceptions out of 8191
 49i,12n,45p,1522b,519s stack positions out of 5000i,500n,10000p,200000b,80000s
</usr/local/texlive/2015/texmf-dist/fonts/type1/public/amsfonts/cm/cmbx10.pfb></usr/local/texlive/2015/texmf-dist/fonts/type1/public/amsfonts/cm/cmbx12.pfb></usr/local/texlive/2015/texmf-dist/fonts/type1/public/amsfonts/cm/cmcsc10.pfb></usr/local/texlive/2015/texmf-dist/fonts/type1/public/amsfonts/cm/cmr10.pfb></usr/local/texlive/2015/texmf-dist/fonts/type1/public/amsfonts/cm/cmr12.pfb></usr/local/texlive/2015/texmf-dist/fonts/type1/public/amsfonts/cm/cmr17.pfb></usr/local/texlive/2015/texmf-dist/fonts/type1/public/amsfonts/cm/cmsl10.pfb></usr/local/texlive/2015/texmf-dist/fonts/type1/public/amsfonts/cm/cmsy10.pfb></usr/local/texlive/2015/texmf-dist/fonts/type1/public/amsfonts/cm/cmti10.pfb></usr/local/texlive/2015/texmf-dist/fonts/type1/public/amsfonts/cm/cmtt10.pfb>
Output written on /Users/ShanchuanWu/GitHub/UnivGuide/Dissertation/.texpadtmp/Thesis.pdf (79 pages, 2946467 bytes).
PDF statistics:
 1216 PDF objects out of 1440 (max. 8388607)
 1054 compressed objects within 11 object streams
 286 named destinations out of 1000 (max. 500000)
 815 words of extra memory for PDF output out of 10000 (max. 10000000)

