\BOOKMARK [0][-]{dummy.4}{\376\377\000A\000c\000k\000n\000o\000w\000l\000e\000d\000g\000e\000m\000e\000n\000t\000s}{}% 1
\BOOKMARK [0][-]{chapter.5}{\376\377\0001\000\040\000I\000n\000t\000r\000o\000d\000u\000c\000t\000i\000o\000n}{}% 2
\BOOKMARK [1][-]{section.6}{\376\377\0001\000.\0001\000\040\000P\000r\000o\000b\000l\000e\000m\000\040\000S\000t\000a\000t\000e\000m\000e\000n\000t\000\040}{chapter.5}% 3
\BOOKMARK [1][-]{section.7}{\376\377\0001\000.\0002\000\040\000A\000i\000m\000s\000\040\000a\000n\000d\000\040\000O\000b\000j\000e\000c\000t\000i\000v\000e\000s\000\040}{chapter.5}% 4
\BOOKMARK [1][-]{section.8}{\376\377\0001\000.\0003\000\040\000D\000i\000s\000s\000e\000r\000t\000a\000t\000i\000o\000n\000\040\000S\000t\000r\000u\000c\000t\000u\000r\000e\000\040}{chapter.5}% 5
\BOOKMARK [0][-]{chapter.9}{\376\377\0002\000\040\000B\000a\000c\000k\000g\000r\000o\000u\000n\000d\000\040\000R\000e\000s\000e\000a\000r\000c\000h}{}% 6
\BOOKMARK [1][-]{section.10}{\376\377\0002\000.\0001\000\040\000F\000a\000c\000t\000o\000r\000s\000\040\000I\000n\000f\000l\000u\000e\000n\000c\000i\000n\000g\000\040\000H\000i\000g\000h\000e\000r\000\040\000E\000d\000u\000c\000a\000t\000i\000o\000n\000\040\000D\000e\000s\000t\000i\000n\000a\000t\000i\000o\000n\000\040\000C\000h\000o\000i\000c\000e\000s\000\040}{chapter.9}% 7
\BOOKMARK [1][-]{section.11}{\376\377\0002\000.\0002\000\040\000O\000p\000e\000n\000\040\000D\000a\000t\000a\000\040\000i\000n\000\040\000H\000i\000g\000h\000e\000r\000\040\000E\000d\000u\000c\000a\000t\000i\000o\000n\000\040}{chapter.9}% 8
\BOOKMARK [1][-]{section.12}{\376\377\0002\000.\0003\000\040\000D\000a\000t\000a\000\040\000V\000i\000s\000u\000a\000l\000i\000s\000a\000t\000i\000o\000n\000\040\000i\000n\000\040\000H\000i\000g\000h\000e\000r\000\040\000E\000d\000u\000c\000a\000t\000i\000o\000n\000\040}{chapter.9}% 9
\BOOKMARK [1][-]{section.13}{\376\377\0002\000.\0004\000\040\000S\000u\000m\000m\000a\000r\000y}{chapter.9}% 10
\BOOKMARK [0][-]{chapter.14}{\376\377\0003\000\040\000P\000r\000o\000j\000e\000c\000t\000\040\000M\000a\000n\000a\000g\000e\000m\000e\000n\000t}{}% 11
\BOOKMARK [1][-]{section.15}{\376\377\0003\000.\0001\000\040\000P\000r\000o\000j\000e\000c\000t\000\040\000C\000o\000n\000s\000t\000r\000a\000i\000n\000t\000s}{chapter.14}% 12
\BOOKMARK [1][-]{section.18}{\376\377\0003\000.\0002\000\040\000P\000r\000o\000j\000e\000c\000t\000\040\000M\000e\000t\000h\000o\000d\000o\000l\000o\000g\000y}{chapter.14}% 13
\BOOKMARK [1][-]{section.21}{\376\377\0003\000.\0003\000\040\000T\000i\000m\000e\000\040\000M\000a\000n\000a\000g\000e\000m\000e\000n\000t}{chapter.14}% 14
\BOOKMARK [1][-]{section.24}{\376\377\0003\000.\0004\000\040\000R\000i\000s\000k\000\040\000A\000n\000a\000l\000y\000s\000i\000s\000\040\000a\000n\000d\000\040\000M\000a\000n\000a\000g\000e\000m\000e\000n\000t}{chapter.14}% 15
\BOOKMARK [2][-]{subsection.25}{\376\377\0003\000.\0004\000.\0001\000\040\000R\000i\000s\000k\000\040\000I\000d\000e\000n\000t\000i\000f\000i\000c\000a\000t\000i\000o\000n}{section.24}% 16
\BOOKMARK [2][-]{subsection.28}{\376\377\0003\000.\0004\000.\0002\000\040\000R\000i\000s\000k\000\040\000A\000n\000a\000l\000y\000s\000i\000s}{section.24}% 17
\BOOKMARK [2][-]{subsection.31}{\376\377\0003\000.\0004\000.\0003\000\040\000R\000i\000s\000k\000\040\000M\000a\000n\000a\000g\000e\000m\000e\000n\000t}{section.24}% 18
\BOOKMARK [1][-]{section.34}{\376\377\0003\000.\0005\000\040\000S\000u\000m\000m\000a\000r\000y}{chapter.14}% 19
\BOOKMARK [0][-]{chapter.35}{\376\377\0004\000\040\000S\000y\000s\000t\000e\000m\000\040\000A\000n\000a\000l\000y\000s\000i\000s}{}% 20
\BOOKMARK [1][-]{section.36}{\376\377\0004\000.\0001\000\040\000S\000t\000a\000k\000e\000h\000o\000l\000d\000e\000r\000s\000\040\000I\000d\000e\000n\000t\000i\000f\000i\000c\000a\000t\000i\000o\000n\000\040}{chapter.35}% 21
\BOOKMARK [1][-]{section.37}{\376\377\0004\000.\0002\000\040\000S\000u\000r\000v\000e\000y\000\040\000D\000e\000s\000i\000g\000n\000\040\000a\000n\000d\000\040\000A\000n\000a\000l\000y\000s\000i\000s\000\040}{chapter.35}% 22
\BOOKMARK [2][-]{subsection.38}{\376\377\0004\000.\0002\000.\0001\000\040\000S\000u\000r\000v\000e\000y\000\040\000D\000e\000s\000i\000g\000n\000\040}{section.37}% 23
\BOOKMARK [2][-]{subsection.39}{\376\377\0004\000.\0002\000.\0002\000\040\000R\000e\000s\000u\000l\000t\000s\000\040\000A\000n\000a\000l\000y\000s\000i\000s\000\040}{section.37}% 24
\BOOKMARK [1][-]{section.56}{\376\377\0004\000.\0003\000\040\000U\000s\000e\000r\000\040\000R\000e\000q\000u\000i\000r\000e\000m\000e\000n\000t\000s\000\040}{chapter.35}% 25
\BOOKMARK [1][-]{section.59}{\376\377\0004\000.\0004\000\040\000S\000y\000s\000t\000e\000m\000\040\000R\000e\000q\000u\000i\000r\000e\000m\000e\000n\000t\000s\000\040}{chapter.35}% 26
\BOOKMARK [2][-]{subsection.60}{\376\377\0004\000.\0004\000.\0001\000\040\000F\000u\000n\000c\000t\000i\000o\000n\000a\000l\000\040\000R\000e\000q\000u\000i\000r\000e\000m\000e\000n\000t\000s\000\040}{section.59}% 27
\BOOKMARK [2][-]{subsection.63}{\376\377\0004\000.\0004\000.\0002\000\040\000N\000o\000n\000-\000f\000u\000n\000c\000t\000i\000o\000n\000a\000l\000\040\000R\000e\000q\000u\000i\000r\000e\000m\000e\000n\000t\000s\000\040}{section.59}% 28
\BOOKMARK [1][-]{section.66}{\376\377\0004\000.\0005\000\040\000S\000u\000m\000m\000a\000r\000y}{chapter.35}% 29
\BOOKMARK [0][-]{chapter.67}{\376\377\0005\000\040\000S\000y\000s\000t\000e\000m\000\040\000D\000e\000s\000i\000g\000n}{}% 30
\BOOKMARK [1][-]{section.68}{\376\377\0005\000.\0001\000\040\000O\000p\000e\000n\000\040\000D\000a\000t\000a\000s\000e\000t\000s}{chapter.67}% 31
\BOOKMARK [2][-]{subsection.69}{\376\377\0005\000.\0001\000.\0001\000\040\000U\000n\000i\000s\000t\000a\000t\000s\000\040\000A\000P\000I}{section.68}% 32
\BOOKMARK [2][-]{subsection.70}{\376\377\0005\000.\0001\000.\0002\000\040\000G\000o\000o\000g\000l\000e\000\040\000M\000a\000p\000s\000\040\000A\000P\000I\000\040}{section.68}% 33
\BOOKMARK [2][-]{subsection.71}{\376\377\0005\000.\0001\000.\0003\000\040\000O\000p\000e\000n\000W\000e\000a\000t\000h\000e\000r\000M\000a\000p\000\040\000A\000P\000I\000\040}{section.68}% 34
\BOOKMARK [2][-]{subsection.72}{\376\377\0005\000.\0001\000.\0004\000\040\000P\000o\000l\000i\000c\000e\000\040\000A\000P\000I\000\040}{section.68}% 35
\BOOKMARK [2][-]{subsection.73}{\376\377\0005\000.\0001\000.\0005\000\040\000T\000H\000E\000\040\000U\000n\000i\000v\000e\000r\000s\000i\000t\000y\000\040\000R\000a\000n\000k\000i\000n\000g\000\040\000T\000a\000b\000l\000e\000\040}{section.68}% 36
\BOOKMARK [1][-]{section.74}{\376\377\0005\000.\0002\000\040\000A\000r\000c\000h\000i\000t\000e\000c\000t\000u\000r\000e\000\040\000D\000e\000s\000i\000g\000n\000\040}{chapter.67}% 37
\BOOKMARK [1][-]{section.77}{\376\377\0005\000.\0003\000\040\000D\000e\000t\000a\000i\000l\000e\000d\000\040\000D\000e\000s\000i\000g\000n}{chapter.67}% 38
\BOOKMARK [2][-]{subsection.78}{\376\377\0005\000.\0003\000.\0001\000\040\000U\000s\000e\000\040\000C\000a\000s\000e\000\040\000D\000i\000a\000g\000r\000a\000m}{section.77}% 39
\BOOKMARK [2][-]{subsection.81}{\376\377\0005\000.\0003\000.\0002\000\040\000A\000c\000t\000i\000v\000i\000t\000y\000\040\000D\000i\000a\000g\000r\000a\000m}{section.77}% 40
\BOOKMARK [2][-]{subsection.84}{\376\377\0005\000.\0003\000.\0003\000\040\000S\000e\000q\000u\000e\000n\000c\000e\000\040\000D\000i\000a\000g\000r\000a\000m}{section.77}% 41
\BOOKMARK [1][-]{section.89}{\376\377\0005\000.\0004\000\040\000U\000s\000e\000r\000\040\000I\000n\000t\000e\000r\000f\000a\000c\000e\000\040\000D\000e\000s\000i\000g\000n\000\040}{chapter.67}% 42
\BOOKMARK [2][-]{subsection.90}{\376\377\0005\000.\0004\000.\0001\000\040\000L\000a\000y\000o\000u\000t}{section.89}% 43
\BOOKMARK [2][-]{subsection.93}{\376\377\0005\000.\0004\000.\0002\000\040\000I\000n\000i\000t\000i\000a\000l\000\040\000P\000a\000g\000e}{section.89}% 44
\BOOKMARK [2][-]{subsection.96}{\376\377\0005\000.\0004\000.\0003\000\040\000U\000n\000i\000v\000e\000r\000s\000i\000t\000y\000\040\000s\000e\000c\000t\000i\000o\000n\000\040}{section.89}% 45
\BOOKMARK [2][-]{subsection.99}{\376\377\0005\000.\0004\000.\0004\000\040\000A\000b\000o\000u\000t\000\040\000s\000e\000c\000t\000i\000o\000n\000\040}{section.89}% 46
\BOOKMARK [1][-]{section.102}{\376\377\0005\000.\0005\000\040\000S\000u\000m\000m\000a\000r\000y}{chapter.67}% 47
\BOOKMARK [0][-]{chapter.103}{\376\377\0006\000\040\000S\000y\000s\000t\000e\000m\000\040\000I\000m\000p\000l\000e\000m\000e\000n\000t\000a\000t\000i\000o\000n}{}% 48
\BOOKMARK [1][-]{section.104}{\376\377\0006\000.\0001\000\040\000T\000e\000c\000h\000n\000o\000l\000o\000g\000i\000e\000s\000\040\000a\000n\000d\000\040\000T\000o\000o\000l\000s\000\040}{chapter.103}% 49
\BOOKMARK [2][-]{subsection.105}{\376\377\0006\000.\0001\000.\0001\000\040\000P\000r\000o\000g\000r\000a\000m\000m\000i\000n\000g\000\040\000L\000a\000n\000g\000u\000a\000g\000e}{section.104}% 50
\BOOKMARK [2][-]{subsection.106}{\376\377\0006\000.\0001\000.\0002\000\040\000D\000e\000v\000e\000l\000o\000p\000m\000e\000n\000t\000\040\000F\000r\000a\000m\000e\000w\000o\000r\000k}{section.104}% 51
\BOOKMARK [2][-]{subsection.107}{\376\377\0006\000.\0001\000.\0003\000\040\000U\000s\000e\000r\000\040\000I\000n\000t\000e\000r\000f\000a\000c\000e}{section.104}% 52
\BOOKMARK [2][-]{subsection.108}{\376\377\0006\000.\0001\000.\0004\000\040\000D\000a\000t\000a\000\040\000V\000i\000s\000u\000a\000l\000i\000s\000a\000t\000i\000o\000n}{section.104}% 53
\BOOKMARK [2][-]{subsection.109}{\376\377\0006\000.\0001\000.\0005\000\040\000D\000e\000v\000e\000l\000o\000p\000m\000e\000n\000t\000\040\000T\000o\000o\000l\000s}{section.104}% 54
\BOOKMARK [1][-]{section.110}{\376\377\0006\000.\0002\000\040\000S\000y\000s\000t\000e\000m\000\040\000C\000o\000m\000p\000o\000n\000e\000n\000t\000s\000\040\000I\000m\000p\000l\000e\000m\000e\000n\000t\000a\000t\000i\000o\000n}{chapter.103}% 55
\BOOKMARK [2][-]{subsection.111}{\376\377\0006\000.\0002\000.\0001\000\040\000S\000e\000a\000r\000c\000h\000\040\000B\000a\000r\000\040}{section.110}% 56
\BOOKMARK [2][-]{subsection.116}{\376\377\0006\000.\0002\000.\0002\000\040\000U\000n\000i\000v\000e\000r\000s\000i\000t\000y\000\040\000\046\000\040\000C\000o\000u\000r\000s\000e}{section.110}% 57
\BOOKMARK [2][-]{subsection.125}{\376\377\0006\000.\0002\000.\0003\000\040\000R\000a\000n\000k\000i\000n\000g\000\040\000T\000a\000b\000l\000e}{section.110}% 58
\BOOKMARK [2][-]{subsection.128}{\376\377\0006\000.\0002\000.\0004\000\040\000C\000o\000u\000r\000s\000e\000\040\000L\000o\000c\000a\000t\000i\000o\000n}{section.110}% 59
\BOOKMARK [2][-]{subsection.131}{\376\377\0006\000.\0002\000.\0005\000\040\000W\000e\000a\000t\000h\000e\000r}{section.110}% 60
\BOOKMARK [2][-]{subsection.136}{\376\377\0006\000.\0002\000.\0006\000\040\000C\000r\000i\000m\000i\000n\000a\000l\000i\000t\000y}{section.110}% 61
\BOOKMARK [2][-]{subsection.139}{\376\377\0006\000.\0002\000.\0007\000\040\000I\000n\000f\000r\000a\000s\000t\000r\000u\000c\000t\000u\000r\000e}{section.110}% 62
\BOOKMARK [1][-]{section.144}{\376\377\0006\000.\0003\000\040\000S\000u\000m\000m\000a\000r\000y}{chapter.103}% 63
\BOOKMARK [0][-]{chapter.145}{\376\377\0007\000\040\000T\000e\000s\000t\000i\000n\000g\000\040\000a\000n\000d\000\040\000E\000v\000a\000l\000u\000a\000t\000i\000o\000n}{}% 64
\BOOKMARK [1][-]{section.146}{\376\377\0007\000.\0001\000\040\000S\000y\000s\000t\000e\000m\000\040\000T\000e\000s\000t\000i\000n\000g}{chapter.145}% 65
\BOOKMARK [1][-]{section.150}{\376\377\0007\000.\0002\000\040\000S\000y\000s\000t\000e\000m\000\040\000E\000v\000a\000l\000u\000a\000t\000i\000o\000n}{chapter.145}% 66
\BOOKMARK [2][-]{subsection.151}{\376\377\0007\000.\0002\000.\0001\000\040\000S\000u\000r\000v\000e\000y\000\040\000D\000e\000s\000i\000g\000n\000\040}{section.150}% 67
\BOOKMARK [2][-]{subsection.152}{\376\377\0007\000.\0002\000.\0002\000\040\000R\000e\000s\000u\000l\000t\000s\000\040\000A\000n\000a\000l\000y\000s\000i\000s}{section.150}% 68
\BOOKMARK [1][-]{section.163}{\376\377\0007\000.\0003\000\040\000S\000u\000m\000m\000a\000r\000y}{chapter.145}% 69
\BOOKMARK [0][-]{chapter.164}{\376\377\0008\000\040\000C\000o\000n\000c\000l\000u\000s\000i\000o\000n}{}% 70
\BOOKMARK [1][-]{section.165}{\376\377\0008\000.\0001\000\040\000F\000u\000t\000u\000r\000e\000\040\000W\000o\000r\000k}{chapter.164}% 71
\BOOKMARK [1][-]{section.166}{\376\377\0008\000.\0002\000\040\000C\000r\000i\000t\000i\000c\000a\000l\000\040\000R\000e\000f\000l\000e\000c\000t\000i\000o\000n}{chapter.164}% 72
\BOOKMARK [1][-]{section.167}{\376\377\0008\000.\0003\000\040\000C\000o\000n\000c\000l\000u\000s\000i\000o\000n}{chapter.164}% 73
\BOOKMARK [0][-]{appendix.168}{\376\377\000A\000\040\000Q\000u\000e\000s\000t\000i\000o\000n\000n\000a\000i\000r\000e\000\040\000f\000o\000r\000\040\000R\000e\000q\000u\000i\000r\000e\000m\000e\000n\000t\000\040\000A\000n\000a\000l\000y\000s\000i\000s}{}% 74
\BOOKMARK [0][-]{appendix.169}{\376\377\000B\000\040\000T\000a\000s\000k\000\040\000L\000i\000s\000t\000\040\000f\000o\000r\000\040\000C\000o\000m\000p\000a\000r\000a\000t\000i\000v\000e\000\040\000E\000v\000a\000l\000u\000a\000t\000i\000o\000n}{}% 75
\BOOKMARK [0][-]{appendix.178}{\376\377\000C\000\040\000Q\000u\000e\000s\000t\000i\000o\000n\000n\000a\000i\000r\000e\000\040\000f\000o\000r\000\040\000C\000o\000m\000p\000a\000r\000a\000t\000i\000v\000e\000\040\000E\000v\000a\000l\000u\000a\000t\000i\000o\000n}{}% 76
\BOOKMARK [0][-]{dummy.179}{\376\377\000B\000i\000b\000l\000i\000o\000g\000r\000a\000p\000h\000y}{}% 77
